SF:lib\services\image_store.dart
DA:11,0
DA:20,0
DA:23,0
DA:24,0
DA:27,0
DA:28,0
DA:32,0
DA:35,0
DA:36,0
DA:39,0
DA:40,0
DA:43,0
DA:44,0
DA:49,0
DA:58,1
DA:60,1
DA:61,1
DA:62,0
DA:65,0
DA:74,1
DA:76,1
DA:77,1
DA:88,0
DA:89,0
DA:90,0
DA:91,0
DA:101,1
DA:102,1
DA:103,0
DA:109,0
DA:111,0
DA:112,0
DA:113,0
DA:116,0
DA:117,0
DA:119,0
DA:126,0
DA:128,0
DA:129,0
DA:134,0
DA:135,0
DA:136,0
DA:153,3
DA:160,3
DA:162,0
DA:164,0
DA:165,0
DA:169,0
DA:170,0
DA:172,0
DA:173,0
DA:176,0
DA:177,0
DA:182,0
DA:186,4
DA:191,0
DA:199,0
DA:200,0
DA:203,0
DA:207,0
DA:208,0
DA:210,0
DA:211,0
DA:213,0
DA:215,0
DA:216,0
DA:218,0
DA:222,0
DA:223,0
DA:225,0
DA:231,0
DA:239,0
DA:240,0
DA:242,0
DA:253,2
DA:259,2
DA:264,0
DA:266,2
DA:273,0
DA:275,0
DA:277,0
DA:279,0
DA:284,0
DA:285,0
DA:287,0
DA:288,0
DA:289,0
DA:300,0
DA:302,0
DA:304,0
DA:306,0
DA:311,0
DA:313,0
DA:314,0
DA:316,0
DA:317,0
DA:318,0
DA:320,0
DA:321,0
DA:324,0
DA:325,0
DA:332,0
DA:333,0
DA:348,0
DA:350,0
DA:352,0
DA:354,0
DA:359,0
DA:360,0
DA:361,0
DA:375,3
DA:377,3
DA:378,6
LF:113
LH:17
end_of_record
SF:lib\services\log_service.dart
DA:25,7
DA:33,2
DA:34,2
DA:35,4
DA:36,4
DA:37,2
DA:38,2
DA:39,2
DA:43,1
DA:44,1
DA:45,2
DA:46,1
DA:47,4
DA:48,0
DA:50,1
DA:51,1
DA:52,1
DA:56,7
DA:58,17
DA:59,19
DA:60,42
DA:70,1
DA:76,4
DA:77,3
DA:82,24
DA:83,16
DA:84,8
DA:94,0
DA:95,0
DA:99,0
DA:103,0
DA:104,0
DA:105,0
DA:107,0
DA:108,0
DA:109,0
DA:114,0
DA:115,0
DA:116,0
DA:118,0
DA:119,0
DA:127,0
DA:128,0
DA:129,0
DA:131,0
DA:134,0
DA:139,7
DA:140,7
DA:144,3
DA:145,3
DA:149,4
DA:150,4
DA:154,7
DA:156,7
DA:157,7
DA:164,14
DA:167,21
DA:168,4
DA:173,21
DA:178,3
DA:179,6
DA:183,5
DA:188,10
DA:192,4
DA:193,4
DA:200,3
DA:201,6
DA:202,3
DA:206,0
DA:208,0
DA:209,0
DA:210,0
DA:211,0
DA:215,0
DA:216,0
DA:218,0
DA:219,0
DA:220,0
DA:223,0
DA:224,0
DA:226,0
DA:232,0
DA:233,0
DA:234,0
DA:238,0
DA:239,0
DA:240,0
DA:241,0
DA:245,0
DA:246,0
DA:247,0
DA:248,0
DA:252,2
DA:255,2
DA:256,8
DA:259,1
DA:261,0
DA:262,2
DA:264,1
DA:265,2
DA:266,4
DA:267,1
DA:271,2
DA:272,2
DA:273,2
DA:274,2
DA:277,12
DA:279,12
DA:281,2
DA:282,4
DA:283,2
DA:284,2
DA:286,10
DA:287,10
DA:289,10
DA:290,2
DA:297,1
DA:298,3
DA:300,1
DA:303,2
DA:307,1
DA:308,2
DA:310,2
DA:314,1
DA:317,4
DA:318,3
DA:319,4
DA:320,3
DA:323,1
DA:324,1
DA:325,3
DA:326,1
DA:327,1
DA:330,2
DA:335,2
DA:336,2
DA:338,5
DA:339,1
DA:340,1
DA:342,1
DA:344,1
DA:345,3
DA:346,1
DA:347,1
DA:348,3
DA:349,0
DA:350,4
DA:352,0
DA:353,1
DA:354,1
DA:357,1
DA:358,3
DA:366,1
DA:367,2
DA:368,1
DA:370,1
DA:371,5
DA:372,1
DA:373,1
DA:374,3
DA:375,9
DA:376,4
DA:378,1
DA:379,1
DA:380,1
DA:383,1
DA:384,4
DA:389,2
DA:390,2
DA:391,2
DA:393,5
DA:394,6
DA:401,1
DA:402,2
DA:403,2
DA:404,1
DA:408,2
DA:409,2
DA:410,2
DA:411,6
DA:412,2
DA:415,2
DA:416,2
DA:423,1
DA:425,1
DA:426,1
DA:427,1
DA:428,3
DA:429,1
DA:432,1
DA:433,1
LF:191
LH:144
end_of_record
SF:lib\utils\isolate_helper.dart
DA:15,1
DA:20,2
DA:26,0
DA:35,0
DA:38,0
DA:40,0
DA:50,1
DA:54,1
DA:57,2
DA:59,3
DA:60,1
DA:61,1
DA:65,1
DA:66,2
DA:67,1
DA:78,1
DA:83,1
DA:85,1
DA:87,3
DA:88,3
DA:90,1
DA:91,1
DA:99,1
DA:100,1
DA:101,1
DA:103,1
DA:107,0
DA:110,0
DA:111,0
DA:123,0
DA:124,0
DA:125,0
DA:128,0
DA:131,0
DA:132,0
DA:134,0
DA:136,0
DA:137,0
DA:141,0
DA:144,0
DA:146,0
DA:147,0
DA:150,0
DA:153,0
DA:154,0
DA:158,0
DA:163,0
DA:164,0
DA:165,0
DA:167,0
DA:168,0
DA:173,0
DA:174,0
DA:175,0
DA:176,0
DA:177,0
DA:178,0
DA:183,0
DA:184,0
DA:185,0
DA:187,0
DA:188,0
DA:190,0
DA:191,0
DA:193,0
LF:65
LH:22
end_of_record
SF:lib\services\text_normalize_options.dart
DA:39,40
DA:72,1
DA:86,1
DA:87,1
DA:88,0
DA:89,1
DA:90,1
DA:91,1
DA:92,1
DA:93,1
DA:94,1
DA:95,1
DA:97,1
DA:99,1
DA:101,1
DA:105,1
DA:108,1
DA:109,3
DA:110,3
DA:111,0
DA:112,0
DA:113,0
DA:114,0
DA:115,0
DA:116,0
DA:117,0
DA:118,0
DA:119,0
DA:120,0
DA:123,0
DA:125,0
DA:126,0
DA:127,0
DA:128,0
DA:129,0
DA:130,0
DA:131,0
DA:132,0
DA:133,0
DA:134,0
DA:135,0
DA:136,0
DA:137,0
DA:141,0
DA:143,0
DA:144,0
DA:145,0
DA:146,0
DA:147,0
DA:148,0
DA:149,0
DA:150,0
DA:151,0
DA:152,0
DA:153,0
DA:154,0
DA:155,0
LF:57
LH:18
end_of_record
SF:lib\services\text_normalizer.dart
DA:17,3
DA:24,3
DA:27,3
DA:30,3
DA:31,3
DA:34,3
DA:35,3
DA:39,3
DA:40,3
DA:43,3
DA:44,3
DA:47,3
DA:48,3
DA:52,3
DA:53,3
DA:57,3
DA:58,3
DA:61,3
DA:62,3
DA:66,3
DA:67,3
DA:75,3
DA:76,3
DA:80,3
DA:81,3
DA:85,3
DA:86,3
DA:95,1
DA:96,1
DA:105,2
DA:109,2
DA:111,2
DA:114,2
DA:120,2
DA:121,2
DA:124,8
DA:142,2
DA:150,8
DA:153,6
DA:155,0
DA:157,0
DA:158,0
DA:159,0
DA:160,0
DA:161,0
LF:45
LH:39
end_of_record
SF:lib\services\text_rules\unicode.dart
DA:5,3
DA:20,3
DA:22,3
DA:23,3
DA:26,6
DA:29,6
DA:39,3
DA:43,7
DA:44,5
DA:47,7
DA:48,5
DA:51,7
DA:52,5
DA:56,3
DA:57,3
DA:58,3
DA:59,3
DA:60,3
DA:61,3
DA:62,3
DA:63,3
DA:64,3
DA:65,3
DA:66,3
DA:67,3
DA:68,3
DA:69,3
DA:70,3
DA:71,3
DA:72,3
DA:73,3
DA:74,3
DA:75,3
DA:76,3
DA:77,3
DA:78,3
DA:79,3
DA:86,3
DA:90,3
DA:91,3
DA:93,6
DA:97,3
DA:99,6
DA:102,3
DA:103,3
DA:108,3
DA:111,3
DA:115,3
DA:116,6
LF:49
LH:49
end_of_record
SF:lib\services\text_rules\spaces.dart
DA:4,3
DA:5,3
DA:6,12
DA:10,3
DA:11,6
DA:16,3
DA:20,3
DA:21,3
DA:22,8
DA:24,3
DA:25,3
DA:26,8
DA:30,3
DA:31,3
DA:32,8
DA:34,3
DA:35,3
DA:36,8
DA:40,3
DA:46,3
DA:50,3
DA:51,3
DA:52,6
DA:54,3
DA:55,3
DA:56,0
DA:58,3
DA:59,3
DA:60,0
DA:62,3
DA:63,3
DA:64,0
DA:68,3
DA:69,3
DA:70,3
DA:72,3
DA:73,3
DA:74,0
DA:76,3
DA:77,3
DA:78,0
DA:82,3
DA:83,3
DA:84,0
DA:88,3
DA:89,3
DA:90,3
DA:92,3
DA:93,3
DA:94,0
DA:107,3
DA:111,6
DA:114,6
DA:117,6
DA:120,3
DA:127,3
DA:131,3
DA:132,3
DA:133,8
LF:59
LH:52
end_of_record
SF:lib\services\text_rules\punctuation.dart
DA:5,3
DA:9,3
DA:10,3
DA:12,6
DA:16,3
DA:17,3
DA:18,3
DA:19,3
DA:25,3
DA:26,3
DA:27,3
DA:33,3
DA:36,3
DA:40,3
DA:41,6
DA:48,3
DA:51,3
DA:52,3
DA:62,3
DA:66,3
DA:67,3
DA:69,6
DA:73,3
DA:75,3
DA:76,3
DA:80,3
DA:83,3
DA:87,3
DA:88,6
DA:95,3
DA:99,6
DA:100,6
DA:101,6
DA:102,6
DA:109,3
DA:113,3
DA:116,3
DA:117,3
DA:118,2
LF:39
LH:39
end_of_record
SF:lib\generated\app_localizations.dart
DA:65,4
DA:66,8
DA:70,5
DA:71,5
DA:776,32
DA:778,4
DA:780,8
DA:783,4
DA:785,12
DA:787,0
DA:791,4
DA:793,4
DA:794,4
DA:795,4
DA:796,1
DA:797,1
DA:800,0
LF:17
LH:15
end_of_record
SF:lib\generated\app_localizations_en.dart
DA:9,8
DA:11,0
DA:14,2
DA:17,1
DA:20,0
DA:23,1
DA:26,1
DA:29,1
DA:32,0
DA:35,0
DA:38,0
DA:41,1
DA:44,1
DA:47,0
DA:50,0
DA:53,0
DA:56,0
DA:59,0
DA:62,0
DA:65,0
DA:68,1
DA:71,1
DA:74,0
DA:77,0
DA:80,0
DA:83,0
DA:86,0
DA:89,0
DA:92,0
DA:95,0
DA:98,0
DA:101,0
DA:105,1
DA:108,0
DA:111,0
DA:114,0
DA:117,1
DA:120,0
DA:123,0
DA:126,0
DA:129,0
DA:132,0
DA:135,0
DA:138,0
DA:141,0
DA:144,1
DA:146,1
DA:148,1
DA:149,1
DA:153,1
DA:156,1
DA:158,1
DA:160,1
DA:161,1
DA:165,1
DA:168,1
DA:170,1
DA:172,1
DA:173,1
DA:177,1
DA:180,0
DA:183,0
DA:186,0
DA:188,0
DA:190,0
DA:191,0
DA:195,0
DA:198,0
DA:200,0
DA:202,0
DA:203,0
DA:207,0
DA:210,1
DA:213,1
DA:217,1
DA:220,1
DA:224,1
DA:227,1
DA:231,1
DA:234,1
DA:238,0
DA:241,1
DA:244,0
DA:247,0
DA:251,0
DA:254,0
DA:258,0
DA:261,0
DA:264,0
DA:268,0
DA:271,0
DA:273,0
DA:274,0
DA:276,0
DA:278,0
DA:281,0
DA:284,0
DA:286,0
DA:287,0
DA:289,0
DA:291,0
DA:294,0
DA:297,0
DA:299,0
DA:300,0
DA:302,0
DA:304,0
DA:307,0
DA:310,0
DA:312,0
DA:313,0
DA:315,0
DA:317,0
DA:320,0
DA:323,0
DA:327,0
DA:330,0
DA:333,0
DA:336,0
DA:339,0
DA:342,0
DA:345,0
DA:348,0
DA:351,0
DA:354,0
DA:358,0
DA:361,0
DA:365,0
DA:368,0
DA:371,0
DA:374,0
DA:377,0
DA:380,0
DA:383,0
DA:386,0
DA:389,0
DA:392,0
DA:395,0
DA:399,0
DA:402,0
DA:405,0
DA:408,0
DA:411,0
DA:414,0
DA:418,0
DA:421,0
DA:425,0
DA:428,0
DA:432,0
LF:149
LH:36
end_of_record
SF:lib\generated\app_localizations_ja.dart
DA:9,2
DA:11,0
DA:14,1
DA:17,1
DA:20,0
DA:23,1
DA:26,1
DA:29,1
DA:32,0
DA:35,0
DA:38,0
DA:41,1
DA:44,1
DA:47,0
DA:50,0
DA:53,0
DA:56,0
DA:59,0
DA:62,0
DA:65,0
DA:68,0
DA:71,0
DA:74,0
DA:77,0
DA:80,0
DA:83,0
DA:86,0
DA:89,0
DA:92,0
DA:95,0
DA:98,0
DA:101,0
DA:104,0
DA:107,0
DA:110,0
DA:113,0
DA:116,0
DA:119,0
DA:122,0
DA:125,0
DA:128,0
DA:131,0
DA:134,0
DA:137,0
DA:140,0
DA:143,1
DA:145,1
DA:148,1
DA:150,1
DA:153,1
DA:155,1
DA:158,0
DA:161,0
DA:164,0
DA:166,0
DA:169,0
DA:171,0
DA:174,0
DA:177,0
DA:180,0
DA:183,0
DA:186,0
DA:189,0
DA:192,0
DA:195,0
DA:198,0
DA:201,0
DA:204,0
DA:207,0
DA:210,0
DA:213,0
DA:216,0
DA:219,0
DA:222,0
DA:225,0
DA:228,0
DA:230,0
DA:231,0
DA:233,0
DA:235,0
DA:238,0
DA:241,0
DA:243,0
DA:244,0
DA:246,0
DA:248,0
DA:251,0
DA:254,0
DA:256,0
DA:257,0
DA:259,0
DA:261,0
DA:264,0
DA:267,0
DA:269,0
DA:270,0
DA:272,0
DA:274,0
DA:277,0
DA:280,0
DA:284,0
DA:287,0
DA:290,0
DA:293,0
DA:296,0
DA:299,0
DA:302,0
DA:305,0
DA:308,0
DA:311,0
DA:314,0
DA:317,0
DA:321,0
DA:324,0
DA:327,0
DA:330,0
DA:333,0
DA:336,0
DA:339,0
DA:342,0
DA:345,0
DA:348,0
DA:351,0
DA:355,0
DA:358,0
DA:361,0
DA:364,0
DA:367,0
DA:370,0
DA:373,0
DA:376,0
DA:379,0
DA:382,0
DA:385,0
LF:134
LH:14
end_of_record
SF:lib\core\entitlements.dart
DA:37,2
DA:46,1
DA:53,1
DA:54,1
DA:55,1
DA:56,1
DA:57,1
DA:58,1
DA:96,2
DA:107,2
DA:108,2
DA:112,1
DA:120,2
DA:121,2
DA:122,8
DA:125,2
DA:126,4
DA:128,1
DA:133,2
DA:135,1
DA:136,2
DA:138,1
DA:139,2
DA:147,2
DA:153,1
DA:162,2
DA:163,2
DA:164,4
DA:165,2
DA:170,2
DA:171,2
DA:172,8
DA:173,2
DA:175,4
DA:176,2
DA:181,0
DA:182,0
DA:183,0
DA:184,0
DA:189,0
DA:190,0
DA:192,0
DA:193,0
DA:199,0
DA:209,1
DA:211,1
DA:213,1
DA:215,1
DA:217,1
DA:219,1
DA:221,1
DA:223,1
DA:229,1
DA:231,1
DA:233,1
DA:235,1
DA:237,1
DA:239,1
DA:241,1
DA:243,1
DA:256,2
DA:264,2
DA:265,6
DA:266,8
DA:270,2
DA:271,3
DA:272,10
LF:67
LH:58
end_of_record
SF:lib\core\feature_flags.dart
DA:17,1
DA:18,1
DA:21,1
DA:22,1
DA:25,1
DA:26,1
DA:29,1
DA:30,1
DA:33,1
DA:34,1
DA:37,1
DA:38,1
DA:39,2
DA:43,1
DA:50,1
DA:52,1
DA:53,2
DA:55,0
DA:61,2
DA:63,2
DA:66,1
DA:67,1
DA:70,1
DA:71,1
DA:74,1
DA:75,1
DA:78,1
DA:79,1
DA:82,1
DA:83,1
DA:87,1
DA:89,0
DA:94,1
DA:96,1
DA:98,1
DA:99,1
DA:100,1
DA:101,1
DA:102,1
DA:104,1
DA:106,0
DA:111,1
DA:113,1
DA:114,1
DA:116,1
DA:118,1
DA:120,1
DA:123,1
DA:126,0
DA:127,0
DA:132,1
DA:134,1
DA:136,1
DA:138,1
DA:140,1
DA:142,1
DA:150,1
DA:152,1
DA:153,1
DA:155,1
DA:156,1
DA:158,1
DA:166,1
DA:168,1
DA:169,1
DA:170,1
DA:171,1
DA:172,1
DA:180,0
DA:183,0
DA:186,0
DA:189,1
DA:192,0
DA:193,0
DA:196,0
DA:197,0
DA:202,3
DA:205,1
DA:206,3
DA:207,3
DA:211,0
DA:212,0
DA:216,0
DA:217,0
DA:221,1
DA:222,2
DA:229,0
DA:230,0
DA:231,0
DA:235,0
DA:236,0
DA:237,0
DA:243,0
DA:244,0
LF:94
LH:70
end_of_record
SF:lib\core\ui_state.dart
DA:6,3
DA:9,2
DA:12,2
DA:15,4
DA:18,1
DA:19,1
DA:24,2
DA:25,4
DA:39,1
DA:45,2
DA:46,3
DA:47,3
DA:60,1
DA:67,2
DA:68,3
DA:69,3
DA:73,1
DA:78,0
DA:79,0
DA:80,0
DA:81,0
DA:82,0
DA:86,1
DA:89,2
DA:90,0
DA:91,0
DA:95,1
DA:98,2
DA:99,3
DA:100,3
DA:107,3
DA:114,3
DA:116,1
DA:119,4
DA:122,1
DA:123,2
DA:130,3
DA:132,1
DA:135,4
DA:138,1
DA:139,2
DA:144,0
DA:147,2
DA:150,2
DA:153,2
LF:45
LH:37
end_of_record
SF:lib\models\post.dart
DA:47,6
DA:61,5
DA:63,1
DA:78,1
DA:79,1
DA:80,1
DA:81,1
DA:82,1
DA:83,1
DA:84,0
DA:85,1
DA:86,0
DA:87,1
DA:88,1
DA:89,1
DA:90,1
DA:91,1
DA:95,1
DA:96,1
DA:97,1
DA:98,1
DA:99,1
DA:100,1
DA:101,2
DA:102,1
DA:103,1
DA:104,1
DA:105,1
DA:106,2
DA:107,1
DA:108,1
DA:109,1
DA:113,2
DA:114,2
DA:115,2
DA:116,2
DA:117,2
DA:118,2
DA:119,4
DA:120,2
DA:121,2
DA:122,2
DA:123,2
DA:124,2
DA:125,2
DA:127,2
DA:128,2
DA:129,2
DA:133,1
DA:136,1
DA:137,3
DA:138,3
DA:139,3
DA:140,3
DA:141,3
DA:142,3
DA:143,3
DA:144,3
DA:145,3
DA:146,3
DA:147,3
DA:148,3
DA:149,3
DA:152,1
DA:154,1
DA:155,1
DA:156,1
DA:157,1
DA:158,1
DA:159,1
DA:160,1
DA:161,1
DA:162,1
DA:163,1
DA:164,1
DA:165,1
DA:166,1
DA:167,1
DA:171,1
DA:173,4
DA:174,2
DA:175,3
DA:176,3
DA:177,2
LF:84
LH:82
end_of_record
SF:lib\models\post.g.dart
DA:13,0
DA:15,0
DA:16,0
DA:17,0
DA:19,0
DA:20,0
DA:21,0
DA:22,0
DA:23,0
DA:24,0
DA:25,0
DA:26,0
DA:27,0
DA:28,0
DA:29,0
DA:30,0
DA:31,0
DA:32,0
DA:36,1
DA:39,1
DA:40,1
DA:41,2
DA:42,1
DA:43,2
DA:44,1
DA:45,2
DA:46,1
DA:47,2
DA:48,1
DA:49,2
DA:50,1
DA:51,2
DA:52,1
DA:53,2
DA:54,1
DA:55,2
DA:56,1
DA:57,2
DA:58,1
DA:59,2
DA:60,1
DA:61,2
DA:62,1
DA:63,2
DA:64,1
DA:65,2
DA:68,0
DA:69,0
DA:71,0
DA:74,0
DA:75,0
DA:76,0
LF:52
LH:28
end_of_record
SF:lib\pages\post_list_page.dart
DA:10,9
DA:12,0
DA:13,0
DA:30,0
DA:32,0
DA:33,0
DA:34,0
DA:37,0
DA:39,0
DA:40,0
DA:43,0
DA:44,0
DA:45,0
DA:49,0
DA:51,0
DA:52,0
DA:53,0
DA:54,0
DA:60,0
DA:61,0
DA:62,0
DA:68,0
DA:69,0
DA:70,0
DA:72,0
DA:75,0
DA:77,0
DA:78,0
DA:79,0
DA:80,0
DA:81,0
DA:82,0
DA:83,0
DA:84,0
DA:88,0
DA:89,0
DA:92,0
DA:93,0
DA:94,0
DA:95,0
DA:103,0
DA:104,0
DA:105,0
DA:106,0
DA:107,0
DA:108,0
DA:109,0
DA:110,0
DA:111,0
DA:112,0
DA:114,0
DA:117,0
DA:118,0
DA:119,0
DA:120,0
DA:121,0
DA:122,0
DA:123,0
DA:128,0
DA:129,0
DA:130,0
DA:132,0
DA:136,0
DA:138,0
DA:139,0
DA:141,0
DA:142,0
DA:143,0
DA:145,0
DA:150,0
DA:151,0
DA:153,0
DA:155,0
DA:156,0
DA:157,0
DA:160,0
DA:161,0
DA:163,0
DA:164,0
DA:174,0
DA:177,0
DA:178,0
DA:180,0
DA:181,0
DA:182,0
DA:183,0
DA:184,0
DA:185,0
DA:190,0
DA:192,0
DA:193,0
DA:194,0
DA:195,0
DA:197,0
DA:203,0
DA:205,0
DA:206,0
DA:207,0
DA:208,0
DA:210,0
DA:216,0
DA:218,0
DA:219,0
DA:220,0
DA:221,0
DA:223,0
DA:229,0
DA:230,0
DA:232,0
DA:233,0
DA:234,0
DA:236,0
DA:242,0
DA:243,0
DA:246,0
DA:247,0
DA:248,0
DA:257,0
DA:258,0
DA:260,0
DA:261,0
DA:262,0
DA:263,0
DA:265,0
DA:266,0
DA:267,0
DA:276,0
DA:283,0
DA:284,0
DA:286,0
DA:288,0
DA:289,0
DA:292,0
DA:298,0
DA:299,0
DA:300,0
DA:302,0
DA:303,0
DA:306,0
DA:309,0
DA:310,0
DA:311,0
DA:312,0
DA:315,0
DA:317,0
DA:318,0
DA:327,0
DA:328,0
DA:329,0
DA:331,0
DA:332,0
DA:333,0
DA:334,0
DA:341,0
DA:342,0
DA:343,0
DA:344,0
DA:345,0
DA:346,0
DA:347,0
DA:356,2
DA:362,2
DA:364,2
DA:366,2
DA:367,2
DA:368,2
DA:369,2
DA:370,2
DA:375,2
DA:376,2
DA:379,2
DA:380,2
DA:381,2
DA:382,2
DA:383,2
DA:384,2
DA:385,0
DA:386,0
DA:388,0
DA:389,0
DA:392,2
DA:399,2
DA:401,2
DA:402,4
DA:411,2
DA:412,2
DA:413,2
DA:422,2
DA:423,8
DA:424,6
DA:425,6
DA:427,2
DA:434,2
DA:435,2
DA:437,2
DA:439,2
DA:440,2
DA:441,2
DA:444,2
DA:447,2
DA:448,10
DA:449,6
DA:452,8
DA:453,2
DA:456,2
DA:459,2
DA:460,6
DA:461,6
DA:465,8
DA:466,2
DA:469,2
DA:472,2
DA:473,6
DA:474,6
LF:214
LH:51
end_of_record
SF:lib\theme\app_theme.dart
DA:5,0
DA:8,4
DA:9,4
DA:10,4
DA:16,4
DA:23,4
DA:24,4
DA:25,4
DA:31,4
DA:41,26
DA:73,0
DA:81,0
DA:82,0
DA:83,0
DA:84,0
DA:85,0
DA:86,0
DA:90,0
DA:92,0
DA:95,0
DA:96,0
DA:97,0
DA:98,0
DA:99,0
DA:100,0
DA:105,0
DA:106,0
LF:27
LH:9
end_of_record
SF:lib\models\dictionary_entry.dart
DA:7,3
DA:13,1
DA:18,1
DA:19,1
DA:20,0
DA:21,0
DA:25,1
DA:26,1
DA:27,1
DA:28,1
DA:29,1
DA:33,1
DA:34,1
DA:35,1
DA:36,1
DA:37,2
DA:41,2
DA:44,1
DA:45,3
DA:46,3
DA:47,5
DA:48,0
DA:51,0
DA:52,0
DA:54,2
DA:56,8
LF:26
LH:21
end_of_record
SF:lib\models\purchase_results.dart
DA:3,28
DA:11,28
DA:19,28
DA:26,1
DA:33,1
DA:40,1
DA:48,28
DA:53,29
DA:60,28
DA:65,1
DA:72,2
DA:80,1
LF:12
LH:12
end_of_record
SF:lib\models\review_log.dart
DA:35,2
DA:45,2
DA:47,1
DA:58,1
DA:59,1
DA:60,1
DA:61,1
DA:62,0
DA:63,1
DA:64,1
DA:65,1
DA:66,1
DA:67,1
DA:71,1
DA:72,1
DA:73,1
DA:74,1
DA:75,2
DA:76,1
DA:77,1
DA:78,2
DA:79,1
DA:80,1
DA:81,1
DA:85,1
DA:86,1
DA:87,1
DA:88,1
DA:89,2
DA:90,1
DA:91,1
DA:92,1
DA:93,0
DA:95,1
DA:96,1
DA:97,1
DA:101,0
DA:104,0
DA:105,0
DA:106,0
DA:107,0
DA:108,0
DA:109,0
DA:110,0
DA:111,0
DA:112,0
DA:113,0
DA:116,0
DA:118,0
DA:119,0
DA:122,0
DA:124,0
DA:125,0
DA:139,1
DA:141,1
DA:143,1
DA:145,1
DA:147,1
DA:150,2
DA:155,1
DA:157,1
DA:159,1
DA:161,1
DA:163,1
DA:169,1
DA:171,1
DA:173,1
DA:175,1
DA:177,1
LF:69
LH:50
end_of_record
SF:lib\models\review_log.g.dart
DA:13,0
DA:15,0
DA:16,0
DA:17,0
DA:19,0
DA:20,0
DA:21,0
DA:22,0
DA:23,0
DA:24,0
DA:25,0
DA:26,0
DA:27,0
DA:28,0
DA:32,0
DA:35,0
DA:36,0
DA:37,0
DA:38,0
DA:39,0
DA:40,0
DA:41,0
DA:42,0
DA:43,0
DA:44,0
DA:45,0
DA:46,0
DA:47,0
DA:48,0
DA:49,0
DA:50,0
DA:51,0
DA:52,0
DA:53,0
DA:56,0
DA:57,0
DA:59,0
DA:62,0
DA:63,0
DA:64,0
LF:40
LH:0
end_of_record
SF:lib\models\srs_card.g.dart
DA:13,0
DA:15,0
DA:16,0
DA:17,0
DA:19,0
DA:20,0
DA:21,0
DA:22,0
DA:23,0
DA:24,0
DA:25,0
DA:26,0
DA:27,0
DA:28,0
DA:29,0
DA:30,0
DA:31,0
DA:32,0
DA:33,0
DA:34,0
DA:35,0
DA:39,0
DA:42,0
DA:43,0
DA:44,0
DA:45,0
DA:46,0
DA:47,0
DA:48,0
DA:49,0
DA:50,0
DA:51,0
DA:52,0
DA:53,0
DA:54,0
DA:55,0
DA:56,0
DA:57,0
DA:58,0
DA:59,0
DA:60,0
DA:61,0
DA:62,0
DA:63,0
DA:64,0
DA:65,0
DA:66,0
DA:67,0
DA:68,0
DA:69,0
DA:70,0
DA:71,0
DA:72,0
DA:73,0
DA:74,0
DA:77,0
DA:78,0
DA:80,0
DA:83,0
DA:84,0
DA:85,0
LF:61
LH:0
end_of_record
SF:lib\models\srs_card.dart
DA:57,5
DA:74,5
DA:76,3
DA:94,3
DA:95,3
DA:96,3
DA:97,2
DA:98,2
DA:99,3
DA:100,3
DA:101,3
DA:102,3
DA:103,2
DA:104,2
DA:105,3
DA:106,3
DA:107,3
DA:108,3
DA:109,3
DA:110,3
DA:114,1
DA:115,1
DA:116,1
DA:117,1
DA:118,1
DA:119,1
DA:120,1
DA:121,1
DA:122,2
DA:123,1
DA:124,1
DA:125,1
DA:126,2
DA:127,1
DA:128,2
DA:129,1
DA:130,1
DA:131,1
DA:135,1
DA:136,1
DA:137,1
DA:138,1
DA:139,1
DA:140,1
DA:141,1
DA:142,1
DA:143,2
DA:144,1
DA:145,2
DA:146,1
DA:147,2
DA:148,1
DA:149,1
DA:150,0
DA:152,1
DA:153,1
DA:154,1
DA:158,0
DA:161,0
DA:162,0
DA:163,0
DA:164,0
DA:165,0
DA:166,0
DA:167,0
DA:168,0
DA:169,0
DA:170,0
DA:171,0
DA:172,0
DA:173,0
DA:174,0
DA:175,0
DA:176,0
DA:177,0
DA:180,0
DA:182,0
DA:183,0
DA:184,0
DA:185,0
DA:186,0
DA:187,0
DA:188,0
DA:189,0
DA:190,0
DA:191,0
DA:192,0
DA:193,0
DA:194,0
DA:195,0
DA:196,0
DA:197,0
DA:198,0
DA:202,0
DA:204,0
DA:205,0
DA:206,0
DA:207,0
DA:208,0
DA:212,3
DA:213,3
DA:214,12
DA:215,21
DA:216,6
DA:220,1
DA:221,2
DA:222,2
DA:223,2
DA:228,0
DA:229,0
DA:230,0
DA:231,0
DA:232,0
LF:113
LH:65
end_of_record
SF:lib\pages\card_edit_page.dart
DA:10,0
DA:16,0
DA:17,0
DA:29,0
DA:31,0
DA:32,0
DA:33,0
DA:34,0
DA:35,0
DA:36,0
DA:39,0
DA:40,0
DA:41,0
DA:44,0
DA:46,0
DA:47,0
DA:48,0
DA:49,0
DA:50,0
DA:53,0
DA:54,0
DA:55,0
DA:56,0
DA:61,0
DA:62,0
DA:63,0
DA:64,0
DA:73,0
DA:74,0
DA:86,0
DA:87,0
DA:89,0
DA:90,0
DA:94,0
DA:95,0
DA:96,0
DA:97,0
DA:100,0
DA:102,0
DA:103,0
DA:104,0
DA:105,0
DA:109,0
DA:112,0
DA:113,0
DA:114,0
DA:115,0
DA:121,0
DA:122,0
DA:123,0
DA:129,0
DA:130,0
DA:132,0
DA:133,0
DA:134,0
DA:137,0
DA:138,0
DA:139,0
DA:142,0
DA:143,0
DA:144,0
DA:151,0
DA:152,0
DA:153,0
DA:157,0
DA:159,0
DA:160,0
DA:166,0
DA:169,0
DA:170,0
DA:171,0
DA:172,0
DA:178,0
DA:179,0
DA:180,0
DA:187,0
DA:188,0
DA:190,0
DA:191,0
DA:192,0
DA:195,0
DA:196,0
DA:197,0
DA:200,0
DA:201,0
DA:211,0
DA:213,0
DA:214,0
DA:215,0
DA:216,0
DA:217,0
DA:218,0
DA:219,0
DA:220,0
DA:221,0
DA:223,0
DA:228,0
DA:230,0
DA:232,0
DA:234,0
DA:236,0
DA:237,0
DA:246,0
DA:247,0
DA:254,0
DA:255,0
DA:263,0
DA:264,0
DA:272,0
DA:273,0
DA:274,0
DA:275,0
DA:276,0
DA:278,0
DA:283,0
DA:284,0
DA:285,0
DA:286,0
DA:298,0
DA:307,0
DA:309,0
DA:310,0
DA:311,0
DA:312,0
DA:314,0
DA:319,0
DA:326,0
DA:331,0
LF:128
LH:0
end_of_record
SF:lib\repositories\srs_repository.dart
DA:231,1
DA:233,0
DA:234,0
LF:3
LH:1
end_of_record
SF:lib\pages\duplicate_merge_page.dart
DA:9,0
DA:14,0
DA:15,0
DA:23,0
DA:25,0
DA:27,0
DA:28,0
DA:41,0
DA:42,0
DA:43,0
DA:44,0
DA:45,0
DA:47,0
DA:50,0
DA:51,0
DA:54,0
DA:55,0
DA:57,0
DA:58,0
DA:62,0
DA:63,0
DA:64,0
DA:67,0
DA:68,0
DA:69,0
DA:70,0
DA:74,0
DA:77,0
DA:78,0
DA:79,0
DA:80,0
DA:86,0
DA:87,0
DA:88,0
DA:94,0
DA:96,0
DA:97,0
DA:99,0
DA:101,0
DA:103,0
DA:104,0
DA:106,0
DA:109,0
DA:110,0
DA:112,0
DA:113,0
DA:115,0
DA:120,0
DA:121,0
DA:122,0
DA:134,0
DA:135,0
DA:137,0
DA:139,0
DA:140,0
DA:143,0
DA:148,0
DA:150,0
DA:155,0
DA:156,0
DA:158,0
DA:161,0
DA:164,0
DA:168,0
DA:169,0
DA:171,0
DA:173,0
DA:176,0
DA:177,0
DA:184,0
DA:186,0
DA:187,0
DA:188,0
DA:189,0
DA:190,0
DA:192,0
DA:197,0
DA:198,0
DA:200,0
DA:201,0
DA:212,0
DA:213,0
DA:215,0
DA:217,0
DA:218,0
DA:219,0
DA:222,0
DA:224,0
DA:225,0
DA:226,0
DA:227,0
DA:228,0
DA:229,0
DA:233,0
DA:234,0
DA:235,0
DA:236,0
DA:237,0
DA:239,0
DA:247,0
DA:248,0
DA:250,0
DA:252,0
DA:253,0
DA:254,0
DA:257,0
DA:259,0
DA:260,0
DA:261,0
DA:262,0
DA:263,0
DA:264,0
DA:269,0
DA:270,0
DA:271,0
DA:272,0
DA:274,0
LF:117
LH:0
end_of_record
SF:lib\pages\faq_page.dart
DA:9,0
DA:15,0
DA:16,0
DA:17,0
DA:18,0
DA:19,0
DA:26,28
DA:28,0
DA:29,0
DA:111,0
DA:113,0
DA:114,0
DA:116,0
DA:118,0
DA:120,0
DA:121,0
DA:122,0
DA:123,0
DA:125,0
DA:126,0
DA:127,0
DA:128,0
DA:132,0
DA:133,0
DA:135,0
DA:136,0
DA:137,0
DA:153,1
DA:155,0
DA:156,0
DA:240,0
DA:242,0
DA:243,0
DA:244,0
DA:247,0
DA:249,0
DA:250,0
DA:253,0
DA:254,0
DA:255,0
DA:256,0
DA:257,0
DA:259,0
DA:260,0
DA:261,0
DA:262,0
DA:267,0
DA:269,0
DA:270,0
DA:272,0
DA:274,0
DA:275,0
DA:276,0
DA:278,0
DA:279,0
DA:280,0
DA:283,0
DA:284,0
DA:286,0
DA:287,0
DA:295,0
DA:296,0
DA:306,0
DA:308,0
DA:309,0
DA:310,0
DA:311,0
DA:313,0
DA:314,0
DA:315,0
DA:316,0
DA:317,0
DA:318,0
DA:319,0
DA:323,0
DA:324,0
DA:326,0
DA:327,0
DA:328,0
DA:329,0
DA:330,0
DA:331,0
LF:82
LH:2
end_of_record
SF:lib\pages\legal_document_page.dart
DA:10,1
DA:16,0
DA:17,0
DA:25,0
DA:27,0
DA:28,0
DA:31,0
DA:33,0
DA:34,0
DA:35,0
DA:36,0
DA:39,0
DA:40,0
DA:41,0
DA:46,0
DA:48,0
DA:49,0
DA:50,0
DA:51,0
DA:52,0
DA:53,0
DA:55,0
DA:60,0
DA:64,0
DA:65,0
DA:71,0
DA:72,0
DA:73,0
DA:75,0
DA:77,0
DA:84,0
DA:86,0
DA:90,0
DA:91,0
DA:92,0
DA:93,0
DA:98,0
DA:99,0
DA:108,0
DA:109,0
DA:111,0
DA:117,0
DA:118,0
DA:119,0
LF:44
LH:1
end_of_record
SF:lib\pages\paywall_page.dart
DA:17,28
DA:19,0
DA:20,0
DA:31,0
DA:33,0
DA:34,0
DA:35,0
DA:38,0
DA:39,0
DA:43,0
DA:45,0
DA:46,0
DA:50,0
DA:52,0
DA:54,0
DA:55,0
DA:56,0
DA:62,0
DA:64,0
DA:65,0
DA:66,0
DA:67,0
DA:70,0
DA:71,0
DA:72,0
DA:78,0
DA:79,0
DA:80,0
DA:81,0
DA:85,0
DA:87,0
DA:88,0
DA:92,0
DA:94,0
DA:95,0
DA:97,0
DA:98,0
DA:103,0
DA:104,0
DA:105,0
DA:109,0
DA:110,0
DA:111,0
DA:113,0
DA:114,0
DA:115,0
DA:117,0
DA:118,0
DA:119,0
DA:121,0
DA:122,0
DA:123,0
DA:124,0
DA:128,0
DA:129,0
DA:130,0
DA:132,0
DA:133,0
DA:134,0
DA:135,0
DA:139,0
DA:140,0
DA:141,0
DA:145,0
DA:146,0
DA:147,0
DA:153,0
DA:154,0
DA:155,0
DA:156,0
DA:160,0
DA:162,0
DA:163,0
DA:167,0
DA:169,0
DA:170,0
DA:173,0
DA:174,0
DA:175,0
DA:179,0
DA:180,0
DA:181,0
DA:183,0
DA:184,0
DA:185,0
DA:187,0
DA:188,0
DA:189,0
DA:191,0
DA:192,0
DA:193,0
DA:197,0
DA:198,0
DA:199,0
DA:204,0
DA:206,0
DA:207,0
DA:209,0
DA:211,0
DA:213,0
DA:214,0
DA:215,0
DA:220,0
DA:221,0
DA:222,0
DA:224,0
DA:226,0
DA:233,0
DA:234,0
DA:235,0
DA:239,0
DA:240,0
DA:241,0
DA:242,0
DA:243,0
DA:245,0
DA:256,0
DA:257,0
DA:259,0
DA:261,0
DA:262,0
DA:264,0
DA:266,0
DA:268,0
DA:270,0
DA:271,0
DA:273,0
DA:281,0
DA:282,0
DA:284,0
DA:285,0
DA:287,0
DA:289,0
DA:293,0
DA:295,0
DA:296,0
DA:304,0
DA:305,0
DA:307,0
DA:308,0
DA:310,0
DA:315,0
DA:317,0
DA:318,0
DA:325,0
DA:326,0
DA:328,0
DA:339,0
DA:340,0
DA:346,0
DA:348,0
DA:349,0
DA:351,0
DA:356,0
DA:362,0
DA:363,0
DA:366,0
DA:368,0
DA:369,0
DA:371,0
DA:372,0
DA:375,0
DA:377,0
DA:380,0
DA:382,0
DA:384,0
DA:385,0
DA:386,0
DA:387,0
DA:388,0
DA:392,0
DA:398,0
DA:401,0
DA:402,0
DA:403,0
DA:405,0
DA:407,0
DA:417,0
DA:421,0
DA:422,0
DA:426,0
DA:428,0
DA:429,0
DA:430,0
DA:431,0
DA:433,0
DA:434,0
DA:435,0
DA:441,0
DA:451,0
DA:452,0
DA:465,0
DA:466,0
DA:468,0
DA:470,0
DA:471,0
DA:472,0
DA:474,0
DA:475,0
DA:478,0
DA:484,0
DA:485,0
DA:486,0
DA:488,0
DA:496,0
DA:497,0
DA:498,0
DA:500,0
DA:501,0
DA:503,0
DA:505,0
DA:506,0
DA:507,0
DA:508,0
DA:509,0
DA:510,0
DA:511,0
DA:515,0
DA:517,0
DA:518,0
DA:521,0
DA:522,0
DA:523,0
DA:524,0
DA:525,0
DA:526,0
DA:534,0
DA:535,0
DA:536,0
DA:537,0
DA:538,0
DA:539,0
DA:547,0
DA:548,0
DA:550,0
DA:551,0
DA:559,0
DA:561,0
DA:562,0
DA:563,0
DA:565,0
DA:566,0
DA:567,0
DA:569,0
DA:571,0
DA:575,0
DA:578,0
DA:579,0
DA:591,0
DA:592,0
DA:593,0
DA:594,0
DA:595,0
DA:596,0
DA:606,0
DA:611,0
DA:615,0
DA:624,0
DA:625,0
DA:626,0
DA:635,0
DA:636,0
DA:637,0
DA:638,0
DA:644,0
DA:650,0
DA:651,0
DA:652,0
DA:655,0
DA:658,0
DA:663,0
DA:664,0
DA:666,0
DA:667,0
DA:668,0
DA:669,0
DA:670,0
DA:671,0
DA:676,0
DA:677,0
DA:678,0
DA:679,0
DA:687,0
DA:688,0
DA:690,0
DA:691,0
DA:692,0
DA:693,0
DA:695,0
DA:696,0
DA:697,0
DA:699,0
DA:700,0
DA:701,0
DA:702,0
LF:295
LH:1
end_of_record
SF:lib\services\purchase_service.dart
DA:8,3
DA:9,2
DA:10,1
DA:18,0
DA:21,1
DA:23,4
DA:24,1
DA:25,0
DA:26,0
DA:27,0
DA:33,0
DA:35,0
DA:37,0
DA:41,0
DA:42,0
DA:46,0
DA:48,0
DA:49,0
DA:52,0
DA:54,0
DA:59,0
DA:62,0
DA:64,0
DA:76,0
DA:77,0
DA:78,0
DA:80,0
DA:85,0
DA:87,0
DA:91,0
DA:92,0
DA:93,0
DA:95,0
DA:100,1
DA:102,2
DA:106,2
DA:107,2
DA:108,2
DA:110,0
DA:115,0
DA:116,0
DA:117,0
DA:122,0
DA:123,0
DA:124,0
DA:125,0
DA:129,0
DA:130,0
DA:131,0
DA:132,0
DA:135,0
DA:136,0
DA:137,0
DA:138,0
DA:141,0
DA:142,0
DA:143,0
DA:144,0
DA:147,0
DA:148,0
DA:154,0
DA:156,0
DA:164,0
DA:170,0
DA:171,0
DA:172,0
LF:66
LH:11
end_of_record
SF:lib\utils\price_formatter.dart
DA:7,1
DA:8,1
DA:12,2
DA:14,2
DA:18,1
DA:22,1
DA:23,1
DA:24,1
DA:26,1
DA:30,1
DA:31,1
DA:32,1
DA:34,1
DA:36,1
DA:37,1
DA:38,1
DA:39,1
DA:48,1
DA:57,3
DA:59,1
DA:61,1
DA:63,1
DA:72,1
DA:79,1
DA:82,1
DA:83,2
DA:85,1
LF:27
LH:27
end_of_record
SF:lib\services\usage_tracker.dart
DA:11,3
DA:12,2
DA:13,1
DA:19,1
DA:21,2
DA:24,0
DA:26,0
DA:28,2
DA:33,1
DA:34,1
DA:35,2
DA:40,0
DA:41,0
DA:43,0
DA:44,0
DA:47,0
DA:50,0
DA:51,0
DA:54,0
DA:56,0
DA:61,0
DA:67,0
DA:70,0
DA:74,0
DA:78,0
DA:82,0
DA:86,0
DA:89,0
DA:90,0
DA:95,0
DA:96,0
DA:101,0
DA:102,0
DA:106,0
DA:108,0
DA:111,0
DA:117,0
DA:118,0
DA:121,0
DA:122,0
DA:124,0
DA:125,0
DA:126,0
DA:127,0
DA:132,0
DA:133,0
DA:136,0
DA:138,0
DA:143,0
DA:144,0
DA:147,0
DA:148,0
DA:150,0
DA:155,0
DA:157,0
DA:158,0
DA:159,0
DA:161,0
DA:180,0
DA:187,0
DA:189,0
DA:192,0
DA:195,0
DA:198,0
DA:199,0
DA:223,0
DA:225,0
DA:226,0
DA:227,0
DA:228,0
DA:229,0
DA:233,0
DA:235,0
DA:236,0
DA:237,0
DA:238,0
LF:76
LH:9
end_of_record
SF:lib\pages\post_detail_page.dart
DA:16,0
DA:21,0
DA:22,0
DA:29,0
DA:31,0
DA:32,0
DA:35,0
DA:38,0
DA:39,0
DA:40,0
DA:43,0
DA:44,0
DA:45,0
DA:46,0
DA:54,0
DA:55,0
DA:56,0
DA:61,0
DA:64,0
DA:65,0
DA:68,0
DA:69,0
DA:70,0
DA:76,0
DA:77,0
DA:78,0
DA:84,0
DA:85,0
DA:88,0
DA:89,0
DA:90,0
DA:101,0
DA:102,0
DA:104,0
DA:106,0
DA:107,0
DA:108,0
DA:110,0
DA:115,0
DA:117,0
DA:122,0
DA:127,0
DA:128,0
DA:132,0
DA:134,0
DA:135,0
DA:136,0
DA:137,0
DA:143,0
DA:144,0
DA:145,0
DA:146,0
DA:152,0
DA:153,0
DA:154,0
DA:160,0
DA:161,0
DA:162,0
DA:163,0
DA:165,0
DA:168,0
DA:171,0
DA:172,0
DA:173,0
DA:176,0
DA:177,0
DA:178,0
DA:181,0
DA:182,0
DA:190,0
DA:191,0
DA:193,0
DA:194,0
DA:195,0
DA:197,0
DA:198,0
DA:199,0
DA:200,0
DA:208,0
DA:214,0
DA:216,0
DA:218,0
DA:219,0
DA:221,0
DA:222,0
DA:223,0
DA:224,0
DA:225,0
DA:226,0
DA:230,0
DA:233,0
DA:237,0
DA:238,0
DA:239,0
DA:243,0
DA:245,0
DA:246,0
DA:247,0
DA:256,0
DA:257,0
DA:258,0
DA:259,0
DA:263,0
DA:264,0
DA:265,0
DA:266,0
DA:267,0
DA:275,0
DA:281,0
DA:282,0
DA:283,0
DA:284,0
DA:290,0
DA:291,0
DA:292,0
DA:298,0
DA:300,0
DA:301,0
DA:303,0
DA:304,0
DA:305,0
DA:307,0
DA:312,0
DA:314,0
DA:316,0
DA:318,0
DA:320,0
DA:321,0
DA:323,0
DA:325,0
DA:326,0
DA:328,0
DA:329,0
DA:330,0
DA:331,0
DA:336,0
DA:338,0
DA:339,0
DA:340,0
DA:343,0
DA:346,0
DA:347,0
DA:348,0
DA:359,0
DA:360,0
DA:361,0
DA:362,0
DA:363,0
DA:369,0
DA:370,0
DA:371,0
DA:381,0
DA:382,0
DA:383,0
DA:389,0
DA:390,0
DA:399,0
DA:406,0
DA:407,0
DA:409,0
DA:410,0
DA:411,0
DA:414,0
DA:416,0
DA:417,0
DA:418,0
DA:419,0
DA:420,0
DA:421,0
DA:425,0
DA:426,0
DA:428,0
DA:429,0
DA:430,0
DA:431,0
DA:438,0
DA:441,0
DA:442,0
DA:443,0
DA:444,0
DA:447,0
DA:448,0
DA:449,0
DA:452,0
DA:453,0
DA:454,0
DA:462,0
DA:463,0
DA:464,0
DA:469,0
DA:497,0
DA:498,0
DA:499,0
DA:501,0
DA:527,0
DA:528,0
DA:529,0
DA:532,0
DA:533,0
DA:534,0
DA:535,0
DA:536,0
DA:539,0
DA:540,0
LF:204
LH:0
end_of_record
SF:lib\services\srs_card_creation_service.dart
DA:11,1
DA:16,1
DA:20,1
DA:23,1
DA:25,2
DA:26,3
DA:27,2
DA:37,1
DA:39,1
DA:40,1
DA:42,1
DA:44,1
DA:45,1
DA:46,2
DA:48,1
DA:49,1
DA:53,1
DA:58,1
DA:61,3
DA:70,1
DA:76,2
DA:79,4
DA:82,4
DA:85,1
DA:86,1
DA:90,2
DA:91,2
DA:93,1
DA:94,1
DA:97,1
DA:98,2
DA:99,1
DA:101,3
DA:105,1
DA:107,3
LF:35
LH:35
end_of_record
SF:lib\services\dictionary_service.dart
DA:36,1
DA:42,1
DA:43,1
DA:44,1
DA:45,2
DA:46,1
DA:50,1
DA:51,1
DA:52,1
DA:53,2
DA:54,1
DA:58,0
DA:60,0
LF:13
LH:11
end_of_record
SF:lib\services\entitlement_service.dart
DA:13,1
DA:14,1
DA:15,1
DA:19,1
DA:20,1
DA:21,1
DA:24,1
DA:25,2
DA:27,1
DA:30,1
DA:31,1
DA:36,1
DA:37,1
DA:38,1
DA:41,1
DA:50,1
DA:51,1
DA:52,1
DA:56,1
DA:57,1
DA:58,1
DA:59,1
DA:60,1
DA:64,1
DA:65,1
DA:68,1
DA:72,1
DA:73,1
DA:77,1
DA:78,2
DA:79,1
DA:86,1
DA:88,1
DA:89,1
DA:92,1
DA:95,1
DA:97,0
DA:99,0
DA:104,1
DA:106,0
DA:108,0
DA:113,1
DA:114,0
DA:125,1
DA:128,1
DA:130,1
DA:136,3
DA:137,1
DA:138,1
DA:140,0
DA:141,0
DA:146,0
DA:147,0
DA:153,0
DA:155,0
DA:156,0
DA:159,0
DA:162,0
DA:163,0
DA:166,0
DA:167,0
DA:168,0
DA:173,0
DA:175,0
DA:176,0
DA:183,0
DA:187,0
DA:191,0
DA:196,0
DA:198,0
DA:199,0
DA:200,0
DA:201,0
DA:205,0
DA:208,0
DA:209,0
DA:210,0
DA:213,0
DA:216,0
DA:222,0
DA:224,0
DA:227,0
DA:230,0
DA:232,0
DA:235,0
DA:236,0
DA:241,0
DA:243,0
DA:246,0
DA:249,0
DA:252,0
LF:91
LH:44
end_of_record
SF:lib\repositories\post_repository.dart
DA:163,0
DA:165,0
DA:166,0
LF:3
LH:0
end_of_record
SF:lib\services\vocab_extractor.dart
DA:8,4
DA:15,2
DA:18,1
DA:19,3
DA:20,3
DA:21,3
DA:22,0
DA:25,0
DA:27,0
DA:30,1
DA:32,5
DA:43,2
DA:44,3
DA:46,2
DA:49,4
DA:52,4
DA:55,2
DA:56,4
DA:57,6
DA:58,2
DA:59,2
DA:63,4
DA:67,2
DA:68,2
DA:71,2
DA:75,4
DA:76,2
DA:79,2
DA:81,6
DA:82,2
DA:83,2
DA:86,2
DA:87,2
DA:96,2
DA:97,2
DA:100,2
DA:102,3
DA:103,1
DA:106,1
DA:108,3
DA:109,1
DA:110,1
DA:113,1
DA:114,1
DA:123,2
DA:125,4
DA:130,2
DA:132,2
DA:137,4
DA:143,2
DA:144,2
DA:145,2
DA:146,2
DA:147,2
DA:148,2
DA:149,2
DA:150,2
DA:151,2
DA:152,2
DA:153,2
DA:154,2
DA:155,2
DA:156,2
DA:157,2
DA:158,2
DA:159,2
DA:160,2
DA:161,2
DA:162,2
DA:163,2
DA:164,2
DA:165,2
DA:166,2
DA:167,2
DA:168,2
DA:169,2
DA:170,2
DA:171,2
DA:172,2
DA:173,2
DA:174,2
DA:177,2
DA:181,2
DA:184,6
DA:185,6
DA:187,2
DA:190,2
DA:191,2
DA:193,6
DA:195,8
DA:202,1
DA:209,1
DA:210,1
DA:211,3
DA:212,3
DA:214,1
DA:215,1
DA:219,1
DA:221,2
DA:223,5
DA:224,1
DA:227,0
LF:102
LH:98
end_of_record
SF:lib\widgets\srs_preview_card.dart
DA:4,10
DA:6,1
DA:8,1
DA:10,1
DA:12,1
DA:14,1
DA:15,1
DA:16,1
DA:19,1
DA:21,4
DA:28,1
DA:31,1
DA:32,1
DA:33,1
DA:35,1
DA:36,1
DA:37,1
DA:39,4
DA:44,4
DA:46,1
DA:48,1
DA:50,4
DA:56,1
DA:58,1
DA:59,1
DA:61,1
DA:63,4
DA:65,1
DA:67,4
LF:29
LH:29
end_of_record
SF:lib\pages\feedback_page.dart
DA:20,2
DA:22,1
DA:23,1
DA:39,1
DA:41,2
DA:42,2
DA:43,1
DA:46,1
DA:48,1
DA:49,1
DA:51,3
DA:53,1
DA:54,1
DA:55,1
DA:57,1
DA:59,1
DA:60,1
DA:62,1
DA:64,1
DA:66,1
DA:68,1
DA:70,1
DA:72,1
DA:81,1
DA:82,1
DA:84,1
DA:85,1
DA:87,5
DA:93,3
DA:94,2
DA:95,1
DA:96,1
DA:97,5
DA:98,1
DA:102,1
DA:103,1
DA:104,2
DA:105,1
DA:114,1
DA:115,1
DA:117,1
DA:118,1
DA:120,5
DA:125,1
DA:126,1
DA:131,1
DA:132,2
DA:143,1
DA:144,1
DA:146,1
DA:147,1
DA:149,5
DA:154,1
DA:155,1
DA:163,1
DA:164,2
DA:167,0
DA:178,1
DA:179,1
DA:180,1
DA:182,1
DA:184,1
DA:185,1
DA:186,1
DA:187,1
DA:189,4
DA:192,1
DA:194,5
DA:201,1
DA:203,5
DA:204,1
DA:208,1
DA:210,1
DA:211,1
DA:213,1
DA:214,1
DA:219,1
DA:220,0
DA:221,0
DA:222,0
DA:234,1
DA:235,1
DA:236,1
DA:237,1
DA:239,1
DA:241,1
DA:242,1
DA:243,1
DA:244,1
DA:246,1
DA:249,1
DA:251,5
DA:253,1
DA:259,1
DA:261,5
DA:262,1
DA:266,1
DA:267,1
DA:269,1
DA:270,1
DA:274,1
DA:275,1
DA:276,0
DA:277,0
DA:278,0
DA:291,1
DA:292,1
DA:294,1
DA:295,2
DA:296,1
DA:303,1
DA:304,1
DA:310,1
DA:311,4
DA:312,0
DA:314,1
DA:315,1
DA:316,1
DA:318,1
DA:319,0
DA:320,1
DA:330,2
DA:331,1
DA:339,1
DA:341,1
DA:342,0
DA:345,1
DA:355,0
DA:356,0
DA:358,0
DA:359,0
DA:363,0
DA:365,0
DA:366,0
DA:367,0
DA:368,0
DA:370,0
DA:371,0
DA:376,0
DA:377,0
DA:378,0
DA:386,0
DA:387,0
DA:388,0
DA:389,0
DA:395,0
DA:396,0
DA:402,0
DA:403,0
DA:404,0
DA:406,0
DA:407,0
DA:411,0
DA:412,0
DA:415,0
DA:416,0
DA:419,0
DA:422,0
DA:425,0
DA:426,0
DA:428,0
DA:429,0
DA:437,0
DA:440,0
DA:441,0
DA:442,0
DA:443,0
DA:449,0
DA:450,0
DA:456,0
DA:457,0
DA:458,0
DA:460,0
DA:461,0
DA:465,0
DA:466,0
DA:468,0
DA:470,0
DA:472,0
DA:473,0
DA:474,0
DA:478,0
DA:481,0
DA:484,0
DA:485,0
DA:493,0
DA:494,0
DA:495,0
DA:496,0
DA:502,0
DA:503,0
DA:509,0
DA:510,0
DA:511,0
DA:512,0
DA:513,0
DA:514,0
DA:515,0
DA:517,0
DA:518,0
DA:519,0
DA:523,0
DA:527,0
DA:529,0
DA:530,0
DA:531,0
DA:537,0
DA:538,0
DA:541,0
LF:209
LH:117
end_of_record
SF:lib\services\diagnostics_service.dart
DA:13,6
DA:14,4
DA:15,2
DA:21,1
DA:23,1
DA:26,2
DA:29,2
DA:32,2
DA:35,2
DA:38,2
DA:41,2
DA:44,3
DA:48,0
DA:50,0
DA:51,0
DA:52,0
DA:58,0
DA:60,0
DA:61,0
DA:62,0
DA:64,0
DA:65,0
DA:69,0
DA:70,0
DA:72,0
DA:73,0
DA:76,0
DA:78,0
DA:80,0
DA:87,1
DA:89,1
DA:90,0
DA:92,0
DA:93,0
DA:94,0
DA:95,0
DA:96,0
DA:98,0
DA:102,3
DA:103,2
DA:108,1
DA:110,1
DA:112,1
DA:113,0
DA:114,0
DA:116,0
DA:117,0
DA:118,0
DA:119,0
DA:120,0
DA:122,1
DA:123,0
DA:124,0
DA:126,0
DA:127,0
DA:128,0
DA:131,2
DA:132,1
DA:133,1
DA:134,1
DA:140,0
DA:141,0
DA:146,1
DA:148,1
DA:150,0
DA:151,0
DA:152,0
DA:153,0
DA:156,0
DA:157,0
DA:158,0
DA:159,0
DA:163,3
DA:165,2
DA:170,1
DA:172,2
DA:173,1
DA:174,1
DA:177,3
DA:178,1
DA:180,1
DA:185,0
DA:186,0
DA:191,1
DA:193,2
DA:194,2
DA:196,1
DA:199,1
DA:202,0
DA:204,0
DA:209,1
DA:211,1
DA:212,2
DA:213,2
DA:217,0
DA:219,0
DA:224,1
DA:226,1
DA:228,1
DA:229,1
DA:230,1
DA:233,2
DA:234,1
DA:235,1
DA:236,4
DA:237,3
DA:238,3
DA:241,1
DA:244,2
DA:245,1
DA:246,4
DA:247,3
DA:248,3
DA:251,1
DA:254,2
DA:255,1
DA:256,3
DA:257,1
DA:258,3
DA:259,3
DA:262,1
DA:265,2
DA:266,3
DA:268,2
DA:269,1
DA:270,3
DA:273,1
DA:274,3
DA:276,1
DA:278,0
DA:283,1
DA:285,1
DA:286,1
DA:287,2
DA:294,1
DA:296,1
DA:297,0
DA:299,0
DA:301,0
DA:302,0
DA:304,0
DA:305,0
DA:306,0
DA:307,0
DA:308,0
DA:309,0
DA:315,3
LF:147
LH:84
end_of_record
SF:lib\pages\onboarding_page.dart
DA:9,2
DA:11,1
DA:13,1
DA:17,0
DA:20,1
DA:21,1
DA:22,1
DA:23,1
DA:24,1
DA:25,1
DA:27,1
DA:28,1
DA:29,1
DA:30,1
DA:32,1
DA:33,1
DA:34,1
DA:35,1
DA:37,1
DA:38,1
DA:39,1
DA:40,1
DA:43,0
DA:44,0
DA:46,2
DA:47,2
DA:48,2
DA:49,1
DA:53,3
DA:54,1
DA:55,1
DA:58,2
DA:69,1
DA:74,1
DA:93,1
DA:94,1
DA:97,1
DA:98,1
DA:101,1
DA:110,0
DA:111,0
DA:112,0
DA:113,0
DA:117,0
DA:119,0
DA:123,0
DA:125,0
DA:129,0
DA:131,0
DA:135,0
DA:138,0
DA:139,0
DA:144,0
DA:148,0
DA:149,0
DA:150,0
DA:153,0
DA:164,0
DA:166,0
DA:169,0
DA:171,0
DA:172,0
DA:174,0
DA:175,0
DA:176,0
LF:65
LH:36
end_of_record
SF:lib\features\settings\data\settings_repository.dart
DA:6,0
DA:7,0
DA:8,0
DA:11,0
DA:12,0
DA:13,0
LF:6
LH:0
end_of_record
SF:lib\features\settings\services\settings_service.dart
DA:8,0
DA:10,0
DA:11,0
DA:12,0
DA:15,0
DA:16,0
DA:17,0
DA:18,0
DA:19,0
LF:9
LH:0
end_of_record
SF:lib\pages\home_page.dart
DA:23,10
DA:25,0
DA:26,0
DA:34,0
DA:36,0
DA:38,0
DA:40,0
DA:43,0
DA:45,0
DA:46,0
DA:50,0
DA:51,0
DA:52,0
DA:53,0
DA:59,0
DA:60,0
DA:61,0
DA:62,0
DA:68,0
DA:71,0
DA:74,0
DA:77,0
DA:78,0
DA:81,0
DA:84,0
DA:85,0
DA:90,0
DA:92,0
DA:94,0
DA:95,0
DA:100,0
DA:101,0
DA:105,0
DA:109,0
DA:111,0
DA:112,0
DA:116,0
DA:117,0
DA:122,0
DA:124,0
DA:125,0
DA:129,0
DA:133,0
DA:135,0
DA:136,0
DA:140,0
DA:141,0
DA:146,0
DA:150,0
DA:152,0
DA:153,0
DA:158,0
DA:161,0
DA:166,0
DA:167,0
DA:170,0
DA:173,0
DA:174,0
DA:179,0
DA:182,0
DA:185,0
DA:190,0
DA:191,0
DA:194,0
DA:197,0
DA:198,0
DA:203,0
DA:204,0
DA:207,0
DA:208,0
DA:210,0
DA:213,0
DA:221,0
DA:222,0
DA:226,0
DA:234,0
DA:235,0
DA:237,0
DA:238,0
DA:240,0
DA:242,0
DA:244,0
DA:249,0
DA:250,0
DA:251,0
DA:253,0
DA:256,0
DA:264,0
DA:268,0
DA:272,0
DA:275,0
DA:277,0
DA:278,0
DA:279,0
DA:282,0
DA:283,0
DA:284,0
DA:285,0
DA:292,0
DA:294,0
DA:295,0
DA:296,0
DA:299,0
DA:300,0
DA:301,0
DA:302,0
DA:309,0
DA:311,0
DA:312,0
DA:313,0
DA:321,0
DA:322,0
DA:323,0
DA:329,0
DA:331,0
DA:332,0
DA:333,0
DA:340,0
DA:341,0
DA:343,0
DA:347,0
DA:349,0
DA:350,0
DA:351,0
DA:352,0
DA:353,0
DA:354,0
DA:355,0
DA:358,0
DA:359,0
DA:360,0
DA:363,0
DA:364,0
DA:365,0
DA:366,0
DA:367,0
DA:368,0
DA:369,0
DA:371,0
DA:373,0
DA:374,0
DA:375,0
DA:376,0
DA:380,0
DA:383,0
DA:384,0
DA:386,0
DA:388,0
DA:389,0
DA:392,0
DA:393,0
DA:395,0
DA:397,0
DA:398,0
DA:403,0
DA:404,0
DA:405,0
DA:406,0
DA:408,0
DA:409,0
DA:410,0
DA:411,0
DA:413,0
DA:414,0
DA:415,0
DA:416,0
DA:417,0
DA:418,0
DA:419,0
DA:422,0
DA:426,0
DA:428,0
DA:430,0
DA:432,0
DA:433,0
DA:434,0
DA:437,0
DA:438,0
DA:439,0
DA:440,0
DA:441,0
DA:442,0
DA:443,0
DA:445,0
DA:446,0
DA:447,0
DA:448,0
DA:450,0
DA:451,0
DA:452,0
DA:453,0
DA:460,0
DA:461,0
DA:462,0
DA:464,0
DA:466,0
DA:468,0
DA:470,0
DA:471,0
DA:473,0
DA:474,0
DA:475,0
DA:477,0
DA:478,0
DA:487,0
DA:489,0
DA:490,0
DA:491,0
DA:492,0
DA:493,0
DA:494,0
DA:497,0
DA:498,0
DA:503,0
DA:504,0
DA:505,0
DA:506,0
DA:508,0
DA:509,0
DA:536,0
DA:538,0
DA:539,0
DA:546,0
DA:548,0
DA:549,0
DA:552,0
DA:554,0
DA:555,0
DA:557,0
DA:565,0
DA:566,0
DA:569,0
DA:571,0
DA:572,0
DA:573,0
DA:574,0
DA:575,0
DA:576,0
DA:577,0
DA:579,0
DA:580,0
DA:581,0
DA:582,0
DA:596,0
DA:597,0
DA:598,0
DA:599,0
DA:601,0
DA:602,0
DA:603,0
DA:604,0
DA:624,0
DA:625,0
DA:628,0
DA:629,0
DA:632,0
DA:633,0
DA:634,0
DA:635,0
DA:637,0
DA:638,0
DA:644,0
DA:646,0
DA:648,0
DA:649,0
DA:650,0
DA:651,0
DA:653,0
DA:654,0
DA:655,0
DA:657,0
DA:661,0
DA:663,0
DA:665,0
DA:676,0
DA:677,0
DA:678,0
DA:681,0
DA:682,0
DA:683,0
DA:686,0
DA:691,0
DA:692,0
DA:693,0
DA:694,0
DA:695,0
DA:706,0
DA:707,0
DA:708,0
DA:709,0
DA:710,0
LF:291
LH:1
end_of_record
SF:lib\widgets\common\loading_overlay.dart
DA:15,1
DA:24,1
DA:26,1
DA:27,1
DA:29,1
DA:30,2
DA:31,1
DA:32,1
DA:35,1
DA:36,1
DA:37,1
DA:38,1
DA:39,1
DA:40,1
DA:46,1
DA:48,1
DA:49,1
DA:50,2
DA:52,2
DA:54,1
DA:55,1
DA:56,3
DA:57,1
DA:62,3
DA:64,1
DA:65,1
DA:66,1
DA:67,1
DA:68,1
DA:69,1
DA:94,1
DA:103,1
DA:105,1
DA:106,2
DA:109,0
DA:110,0
DA:111,0
DA:118,2
DA:122,1
DA:123,1
DA:128,1
DA:139,1
DA:148,1
DA:149,1
DA:153,1
DA:155,1
DA:156,2
DA:157,1
DA:161,0
DA:163,0
DA:165,0
DA:166,0
DA:167,0
DA:168,0
DA:172,1
DA:174,1
DA:175,1
DA:178,1
DA:179,3
DA:180,3
DA:181,1
DA:182,1
DA:183,2
DA:184,2
DA:185,2
DA:191,1
DA:192,1
DA:195,1
DA:197,2
LF:69
LH:60
end_of_record
SF:lib\widgets\common\error_banner.dart
DA:20,1
DA:33,1
DA:35,1
DA:36,1
DA:38,1
DA:40,2
DA:42,1
DA:44,1
DA:45,1
DA:46,1
DA:47,1
DA:48,2
DA:52,1
DA:53,1
DA:54,1
DA:55,3
DA:56,2
DA:61,2
DA:63,1
DA:64,1
DA:65,1
DA:66,2
DA:72,1
DA:73,1
DA:74,1
DA:75,1
DA:82,2
DA:84,1
DA:85,1
DA:86,1
DA:88,2
DA:121,1
DA:134,1
DA:136,1
DA:137,0
DA:141,0
DA:144,0
DA:145,0
DA:146,0
DA:158,2
DA:162,0
DA:163,0
DA:169,1
DA:170,1
DA:175,0
DA:191,1
DA:205,1
DA:206,1
DA:210,1
DA:212,1
DA:213,2
DA:214,1
DA:218,0
DA:220,0
DA:222,0
DA:223,0
DA:224,0
DA:225,0
DA:226,0
DA:230,1
DA:232,1
DA:233,1
DA:236,1
DA:237,3
DA:238,3
DA:239,1
DA:240,1
DA:241,2
DA:242,2
DA:243,2
DA:244,2
DA:245,2
DA:246,2
DA:247,2
DA:248,2
DA:249,2
DA:255,1
DA:256,1
DA:259,1
DA:261,2
DA:274,1
DA:284,1
DA:286,1
DA:287,2
DA:288,1
DA:289,2
DA:291,1
DA:292,1
DA:293,1
DA:294,1
LF:90
LH:75
end_of_record
SF:lib\widgets\common\offline_notice.dart
DA:20,1
DA:34,1
DA:36,1
DA:37,2
DA:38,1
DA:39,1
DA:40,1
DA:41,1
DA:42,1
DA:43,1
DA:44,1
DA:45,1
DA:46,1
DA:47,1
DA:48,1
DA:66,1
DA:79,1
DA:81,1
DA:82,1
DA:83,1
DA:84,1
DA:86,1
DA:87,1
DA:88,1
DA:90,0
DA:94,0
DA:97,0
DA:98,0
DA:100,0
DA:101,0
DA:102,0
DA:104,0
DA:105,0
DA:123,2
DA:124,2
DA:126,1
DA:127,1
DA:130,1
DA:132,2
DA:133,0
DA:136,0
DA:137,0
DA:140,0
DA:141,0
DA:142,0
DA:143,0
DA:144,0
DA:146,0
DA:147,0
DA:150,0
DA:151,0
DA:152,0
DA:153,0
DA:158,0
DA:159,0
DA:160,0
DA:163,0
DA:166,0
DA:167,0
DA:171,0
DA:172,0
DA:173,0
DA:174,0
DA:177,1
DA:179,1
DA:180,1
DA:192,0
DA:200,0
DA:202,0
DA:203,0
DA:205,0
DA:207,0
DA:209,0
DA:211,0
DA:212,0
DA:213,0
DA:214,0
DA:215,0
DA:219,0
DA:220,0
DA:221,0
DA:222,0
DA:223,0
DA:243,1
DA:252,1
DA:253,1
DA:261,1
DA:263,1
DA:264,1
DA:267,1
DA:269,1
DA:270,1
DA:273,1
DA:275,2
DA:276,0
DA:279,0
DA:280,0
DA:283,0
DA:284,0
DA:285,0
DA:286,0
DA:288,0
DA:289,0
DA:290,0
DA:295,1
DA:297,1
DA:298,1
DA:299,2
DA:300,1
DA:301,0
DA:305,0
DA:307,0
DA:308,0
DA:309,0
DA:310,0
DA:311,0
LF:116
LH:49
end_of_record
SF:lib\services\ocr_service.dart
DA:30,3
DA:32,2
DA:33,4
LF:3
LH:3
end_of_record
SF:lib\services\ocr_service_mlkit.dart
DA:17,0
DA:21,0
DA:23,0
DA:27,0
DA:33,0
DA:39,0
DA:42,0
DA:44,0
DA:47,0
DA:52,0
DA:55,0
DA:56,0
DA:57,0
DA:61,0
DA:62,0
DA:63,0
DA:67,0
DA:72,0
DA:73,0
DA:78,0
DA:79,0
DA:80,0
DA:81,0
DA:82,0
DA:87,0
DA:88,0
DA:91,0
DA:92,0
DA:94,0
DA:95,0
DA:96,0
DA:103,0
DA:106,0
DA:109,0
DA:114,0
DA:117,0
DA:124,0
DA:127,0
DA:129,0
DA:132,0
DA:136,0
DA:139,0
DA:140,0
DA:142,0
DA:143,0
DA:148,0
DA:153,0
DA:154,0
DA:156,0
DA:157,0
DA:163,0
DA:166,0
DA:172,0
DA:175,0
DA:177,0
DA:180,0
DA:184,0
DA:186,0
LF:58
LH:0
end_of_record
SF:lib\services\camera_permission_service.dart
DA:6,0
DA:7,0
DA:11,0
DA:12,0
DA:16,0
DA:17,0
DA:18,0
DA:22,0
DA:23,0
DA:24,0
DA:28,0
DA:30,0
DA:33,0
DA:36,0
DA:38,0
DA:39,0
DA:41,0
DA:47,0
DA:50,0
DA:59,0
DA:60,0
DA:84,0
DA:86,0
DA:87,0
LF:24
LH:0
end_of_record
SF:lib\pages\stats_page.dart
DA:8,10
DA:10,0
DA:11,0
DA:15,0
DA:17,0
DA:19,0
DA:20,0
DA:24,0
DA:26,0
DA:27,0
DA:28,0
DA:32,0
DA:35,0
DA:37,0
DA:38,0
DA:39,0
DA:40,0
DA:46,0
DA:47,0
DA:48,0
DA:50,0
DA:57,0
DA:59,0
DA:62,0
DA:63,0
DA:64,0
DA:68,0
DA:69,0
DA:70,0
DA:79,0
DA:80,0
DA:81,0
DA:82,0
DA:83,0
DA:85,0
DA:88,0
DA:90,0
DA:91,0
DA:93,0
DA:95,0
DA:97,0
DA:99,0
DA:101,0
DA:103,0
DA:105,0
DA:115,0
DA:116,0
DA:117,0
DA:119,0
DA:121,0
DA:122,0
DA:123,0
DA:124,0
DA:126,0
DA:129,0
DA:131,0
DA:138,0
DA:139,0
DA:140,0
DA:141,0
DA:143,0
DA:149,0
DA:150,0
DA:152,0
DA:165,0
DA:166,0
DA:167,0
DA:169,0
DA:171,0
DA:172,0
DA:173,0
DA:174,0
DA:179,0
DA:181,0
DA:188,0
DA:189,0
DA:190,0
DA:191,0
DA:192,0
DA:193,0
DA:198,0
DA:200,0
DA:211,0
DA:212,0
DA:213,0
DA:215,0
DA:217,0
DA:218,0
DA:219,0
DA:220,0
DA:222,0
DA:225,0
DA:227,0
DA:234,0
DA:235,0
DA:236,0
DA:237,0
DA:244,0
DA:245,0
DA:247,0
DA:248,0
DA:250,0
DA:256,0
DA:257,0
DA:260,0
DA:262,0
DA:263,0
DA:265,0
DA:266,0
DA:269,0
DA:272,0
DA:274,0
DA:275,0
DA:276,0
DA:277,0
DA:278,0
DA:287,0
DA:289,0
DA:290,0
DA:292,0
DA:295,0
DA:296,0
DA:298,0
DA:300,0
DA:301,0
DA:302,0
DA:311,0
DA:312,0
DA:321,0
DA:329,0
DA:330,0
DA:332,0
DA:342,0
DA:343,0
DA:354,0
DA:355,0
DA:359,0
DA:360,0
DA:361,0
DA:372,0
DA:373,0
DA:374,0
DA:375,0
DA:376,0
DA:377,0
DA:378,0
DA:379,0
DA:388,0
DA:400,0
DA:401,0
DA:402,0
DA:404,0
DA:406,0
DA:407,0
DA:408,0
DA:409,0
DA:411,0
DA:414,0
DA:416,0
DA:423,0
DA:424,0
DA:425,0
DA:426,0
DA:433,0
DA:434,0
DA:436,0
DA:437,0
DA:439,0
DA:445,0
DA:446,0
DA:449,0
DA:451,0
DA:452,0
DA:454,0
DA:455,0
DA:458,0
DA:461,0
DA:463,0
DA:464,0
DA:465,0
DA:466,0
DA:467,0
DA:476,0
DA:478,0
DA:479,0
DA:480,0
DA:481,0
DA:489,0
DA:490,0
DA:492,0
DA:493,0
DA:494,0
DA:505,0
DA:506,0
DA:510,0
DA:511,0
DA:512,0
DA:523,0
DA:524,0
DA:525,0
DA:526,0
DA:527,0
DA:528,0
DA:529,0
DA:531,0
DA:534,0
DA:535,0
DA:537,0
DA:538,0
DA:539,0
DA:540,0
DA:555,0
DA:556,0
DA:557,0
DA:559,0
DA:561,0
DA:562,0
DA:563,0
DA:564,0
DA:566,0
DA:569,0
DA:571,0
DA:578,0
DA:579,0
DA:580,0
DA:587,0
DA:588,0
DA:589,0
DA:591,0
DA:593,0
DA:594,0
DA:595,0
DA:596,0
DA:598,0
DA:601,0
DA:603,0
DA:610,0
DA:611,0
DA:613,0
DA:614,0
DA:615,0
DA:616,0
DA:617,0
DA:618,0
DA:619,0
DA:628,0
DA:629,0
DA:630,0
DA:632,0
DA:634,0
DA:635,0
DA:636,0
DA:637,0
DA:639,0
DA:642,0
DA:644,0
DA:651,0
DA:652,0
DA:659,0
DA:660,0
DA:661,0
DA:663,0
DA:664,0
DA:665,0
DA:667,0
DA:671,0
DA:672,0
DA:673,0
DA:674,0
DA:683,0
DA:685,0
DA:686,0
DA:687,0
DA:693,0
DA:695,0
DA:700,0
DA:702,0
DA:709,0
DA:710,0
DA:712,0
DA:714,0
DA:715,0
DA:717,0
DA:719,0
DA:721,0
DA:731,0
DA:732,0
DA:733,0
DA:735,0
DA:737,0
DA:738,0
DA:739,0
DA:740,0
DA:742,0
LF:294
LH:1
end_of_record
SF:lib\pages\srs_card_list_page.dart
DA:8,9
DA:10,0
DA:11,0
DA:26,0
DA:28,0
DA:29,0
DA:30,0
DA:33,0
DA:35,0
DA:36,0
DA:39,0
DA:40,0
DA:41,0
DA:45,0
DA:47,0
DA:48,0
DA:49,0
DA:50,0
DA:56,0
DA:57,0
DA:58,0
DA:64,0
DA:65,0
DA:66,0
DA:68,0
DA:71,0
DA:73,0
DA:74,0
DA:75,0
DA:76,0
DA:77,0
DA:78,0
DA:82,0
DA:83,0
DA:86,0
DA:87,0
DA:88,0
DA:89,0
DA:97,0
DA:98,0
DA:99,0
DA:100,0
DA:101,0
DA:102,0
DA:103,0
DA:104,0
DA:106,0
DA:109,0
DA:110,0
DA:111,0
DA:112,0
DA:113,0
DA:114,0
DA:115,0
DA:120,0
DA:121,0
DA:122,0
DA:124,0
DA:128,0
DA:130,0
DA:131,0
DA:133,0
DA:134,0
DA:135,0
DA:137,0
DA:142,0
DA:143,0
DA:145,0
DA:147,0
DA:148,0
DA:149,0
DA:152,0
DA:153,0
DA:155,0
DA:156,0
DA:166,0
DA:169,0
DA:170,0
DA:172,0
DA:174,0
DA:175,0
DA:176,0
DA:177,0
DA:179,0
DA:184,0
DA:186,0
DA:187,0
DA:188,0
DA:189,0
DA:191,0
DA:196,0
DA:198,0
DA:199,0
DA:200,0
DA:201,0
DA:203,0
DA:209,0
DA:210,0
DA:211,0
DA:212,0
DA:213,0
DA:214,0
DA:219,0
DA:220,0
DA:222,0
DA:223,0
DA:224,0
DA:226,0
DA:232,0
DA:233,0
DA:236,0
DA:237,0
DA:238,0
DA:247,0
DA:248,0
DA:250,0
DA:251,0
DA:252,0
DA:253,0
DA:254,0
DA:255,0
DA:256,0
DA:265,0
DA:272,0
DA:273,0
DA:275,0
DA:277,0
DA:278,0
DA:281,0
DA:287,0
DA:288,0
DA:289,0
DA:291,0
DA:292,0
DA:295,0
DA:298,0
DA:299,0
DA:300,0
DA:301,0
DA:304,0
DA:306,0
DA:307,0
DA:316,0
DA:317,0
DA:318,0
DA:320,0
DA:322,0
DA:323,0
DA:324,0
DA:327,0
DA:329,0
DA:330,0
DA:331,0
DA:332,0
DA:333,0
DA:334,0
DA:335,0
DA:338,0
DA:341,0
DA:342,0
DA:343,0
DA:346,0
DA:349,0
DA:352,0
DA:353,0
DA:354,0
DA:355,0
DA:360,0
DA:363,0
DA:364,0
DA:365,0
DA:367,0
DA:369,0
DA:371,0
DA:380,0
DA:381,0
DA:383,0
DA:384,0
DA:385,0
DA:386,0
DA:393,0
DA:396,0
DA:397,0
DA:398,0
DA:399,0
DA:402,0
DA:403,0
DA:404,0
DA:407,0
DA:408,0
DA:409,0
DA:417,0
DA:418,0
DA:419,0
DA:424,0
DA:451,0
DA:452,0
DA:453,0
DA:454,0
DA:455,0
DA:458,0
DA:459,0
DA:460,0
DA:462,0
DA:464,0
DA:471,0
DA:472,0
DA:473,0
DA:475,0
DA:477,0
LF:210
LH:1
end_of_record
SF:lib\services\onboarding_service.dart
DA:9,2
DA:10,2
DA:12,1
DA:13,1
DA:18,1
DA:19,1
DA:20,1
DA:24,1
DA:25,1
DA:26,2
DA:30,1
DA:31,1
DA:32,2
DA:36,1
DA:37,1
DA:38,1
DA:39,2
DA:40,1
DA:41,1
DA:47,1
DA:48,1
DA:49,1
LF:22
LH:22
end_of_record
SF:lib\services\stats_service.dart
DA:18,2
DA:30,1
DA:41,1
DA:42,1
DA:43,1
DA:44,1
DA:45,1
DA:46,1
DA:47,1
DA:48,1
DA:49,1
DA:50,1
DA:54,1
DA:55,1
DA:56,1
DA:57,1
DA:58,1
DA:59,1
DA:60,1
DA:61,1
DA:62,1
DA:63,1
DA:64,2
DA:68,1
DA:69,1
DA:70,1
DA:71,1
DA:72,1
DA:73,1
DA:74,1
DA:75,1
DA:76,1
DA:77,1
DA:78,2
DA:82,1
DA:84,10
DA:96,2
DA:102,2
DA:103,2
DA:106,2
DA:107,1
DA:108,4
DA:109,1
DA:113,2
DA:114,2
DA:115,2
DA:121,1
DA:122,1
DA:123,1
DA:124,2
DA:129,1
DA:130,1
DA:132,1
DA:133,4
DA:136,3
DA:137,3
DA:142,1
DA:143,3
DA:146,1
DA:147,1
DA:149,3
DA:155,1
DA:159,1
DA:160,1
DA:162,1
DA:165,3
DA:166,3
DA:167,3
DA:173,2
DA:174,2
DA:175,8
DA:176,2
DA:177,6
DA:178,8
DA:181,2
DA:182,2
DA:183,2
DA:186,2
DA:189,4
DA:190,6
DA:191,2
DA:194,4
DA:195,2
DA:197,7
DA:199,2
DA:213,2
DA:214,4
DA:216,3
DA:217,1
DA:218,6
DA:219,1
DA:220,1
DA:221,2
DA:222,2
DA:226,2
DA:227,4
DA:229,2
DA:233,3
DA:234,6
DA:235,1
DA:236,1
DA:237,3
DA:239,1
DA:241,1
DA:242,4
DA:248,2
DA:249,1
DA:250,1
DA:251,1
DA:252,1
DA:253,1
DA:263,1
DA:264,2
DA:265,2
DA:266,1
DA:268,3
DA:275,2
DA:276,2
DA:277,4
DA:278,4
DA:282,1
DA:283,2
DA:284,1
DA:285,4
DA:287,1
DA:289,3
DA:290,2
DA:291,1
DA:292,0
DA:293,0
DA:294,0
DA:295,0
DA:296,0
DA:297,1
DA:299,1
DA:306,1
DA:307,2
DA:308,1
DA:309,4
DA:311,1
DA:313,3
DA:314,3
DA:315,1
DA:317,1
DA:318,0
DA:319,0
DA:320,0
DA:321,0
DA:322,0
DA:323,1
DA:325,1
DA:332,1
DA:333,1
DA:334,1
DA:338,0
DA:340,0
DA:341,0
DA:343,0
DA:348,0
DA:350,0
DA:351,0
DA:352,0
DA:354,0
DA:359,0
DA:361,0
DA:362,0
DA:363,0
DA:365,0
DA:370,0
DA:372,0
DA:373,0
DA:374,0
DA:376,0
LF:173
LH:144
end_of_record
SF:lib\widgets\tips_widget.dart
DA:13,0
DA:22,0
DA:23,0
DA:29,0
DA:31,0
DA:32,0
DA:35,0
DA:36,0
DA:37,0
DA:39,0
DA:40,0
DA:41,0
DA:42,0
DA:49,0
DA:51,0
DA:52,0
DA:55,0
DA:56,0
DA:57,0
DA:58,0
DA:60,0
DA:61,0
DA:62,0
DA:63,0
DA:65,0
DA:69,0
DA:70,0
DA:71,0
DA:72,0
DA:73,0
DA:81,0
DA:83,0
DA:84,0
DA:85,0
DA:87,0
DA:91,0
DA:92,0
DA:93,0
DA:97,0
DA:98,0
LF:40
LH:0
end_of_record
SF:lib\services\dictionary_local.dart
DA:14,0
DA:15,0
DA:17,0
DA:18,0
DA:19,0
DA:20,0
DA:24,1
DA:26,1
DA:31,2
DA:32,0
DA:35,0
DA:37,0
DA:38,0
DA:41,0
DA:42,0
DA:45,0
DA:46,0
DA:48,2
DA:52,1
DA:54,1
DA:55,1
DA:60,0
DA:61,0
DA:64,0
DA:67,0
DA:71,0
DA:72,0
DA:73,0
DA:77,0
DA:78,0
DA:80,0
DA:81,0
DA:82,0
DA:83,0
DA:91,1
DA:92,2
DA:93,1
DA:94,1
DA:102,2
DA:104,1
DA:105,2
LF:41
LH:14
end_of_record
SF:lib\services\hive_maintenance_service.dart
DA:16,2
DA:18,4
DA:20,2
DA:23,4
DA:25,4
DA:26,1
DA:28,1
DA:30,2
DA:31,1
DA:34,1
DA:35,0
DA:36,0
DA:37,0
DA:41,2
DA:42,4
DA:47,0
DA:49,4
DA:52,0
DA:60,2
DA:62,4
DA:64,2
DA:67,2
DA:68,4
DA:69,4
DA:72,2
DA:73,0
DA:75,0
DA:76,0
DA:77,0
DA:78,0
DA:80,0
DA:81,0
DA:83,0
DA:84,0
DA:85,0
DA:86,0
DA:88,0
DA:89,0
DA:97,0
DA:98,0
DA:101,0
DA:103,0
DA:104,0
DA:105,0
DA:109,3
DA:110,3
DA:115,2
DA:120,4
DA:121,0
DA:122,0
DA:124,0
DA:126,0
DA:127,0
DA:132,0
DA:133,0
DA:138,2
DA:139,4
DA:146,0
DA:149,0
DA:150,0
DA:152,0
DA:154,0
DA:155,0
DA:157,0
DA:158,0
DA:159,0
DA:161,0
DA:162,0
DA:163,0
DA:164,0
DA:165,0
DA:166,0
DA:169,0
DA:170,0
DA:175,0
DA:176,0
DA:181,1
DA:183,1
DA:187,0
DA:189,0
DA:190,0
DA:191,0
DA:192,0
DA:193,0
DA:199,0
DA:200,0
DA:201,0
DA:202,0
DA:203,0
DA:204,0
DA:205,0
DA:211,0
DA:213,0
DA:217,0
DA:220,1
DA:221,2
DA:222,1
DA:234,2
DA:236,1
DA:237,5
DA:247,1
DA:254,3
DA:255,3
DA:256,3
DA:257,3
DA:259,1
DA:260,2
DA:261,5
DA:262,0
DA:263,0
DA:265,0
LF:111
LH:42
end_of_record
SF:lib\models\offline_task.g.dart
DA:13,0
DA:15,0
DA:16,0
DA:17,0
DA:19,0
DA:20,0
DA:21,0
DA:22,0
DA:23,0
DA:24,0
DA:25,0
DA:29,0
DA:32,0
DA:33,0
DA:34,0
DA:35,0
DA:36,0
DA:37,0
DA:38,0
DA:39,0
DA:40,0
DA:41,0
DA:42,0
DA:43,0
DA:44,0
DA:47,0
DA:48,0
DA:50,0
DA:53,0
DA:54,0
DA:55,0
LF:31
LH:0
end_of_record
SF:lib\models\offline_task.dart
DA:26,1
DA:39,3
DA:42,1
DA:43,2
DA:44,2
DA:48,1
DA:49,1
DA:50,1
DA:51,1
DA:52,1
DA:53,1
DA:54,2
DA:55,1
DA:59,0
DA:61,0
DA:64,0
DA:67,0
DA:70,0
DA:71,0
LF:19
LH:13
end_of_record
SF:lib\services\srs_scheduler.dart
DA:13,1
DA:15,1
DA:16,1
DA:17,1
DA:18,1
DA:19,1
DA:20,1
DA:21,1
DA:22,1
DA:27,1
DA:29,3
DA:30,2
DA:31,2
DA:33,1
DA:42,1
DA:44,2
DA:45,4
DA:46,3
DA:47,2
DA:49,1
DA:58,1
DA:60,2
DA:61,3
DA:62,2
DA:64,1
DA:67,1
DA:73,1
DA:75,2
DA:76,4
DA:77,3
DA:78,2
DA:80,1
DA:89,1
DA:90,1
DA:92,1
DA:101,1
DA:110,1
DA:112,1
DA:128,1
DA:129,2
DA:131,2
DA:133,2
DA:141,1
DA:142,2
DA:144,2
DA:146,2
DA:154,1
DA:155,1
DA:156,2
DA:158,1
DA:160,2
DA:161,2
DA:162,2
DA:163,2
DA:164,0
DA:165,0
DA:172,1
DA:173,1
DA:174,1
DA:175,1
DA:176,1
DA:177,1
DA:178,1
DA:179,1
DA:180,1
LF:65
LH:63
end_of_record
SF:lib\services\sync_api_service.dart
DA:13,1
DA:14,0
DA:18,1
DA:20,2
DA:23,2
DA:26,1
DA:27,1
DA:28,2
DA:31,3
DA:34,2
DA:35,1
DA:38,0
DA:41,1
DA:44,0
DA:47,1
DA:50,0
DA:56,2
DA:64,1
DA:66,2
DA:69,2
DA:72,1
DA:73,1
DA:74,2
DA:76,2
DA:77,2
DA:78,4
DA:81,3
DA:87,1
DA:88,2
DA:90,1
DA:92,1
DA:94,0
DA:96,0
DA:99,2
DA:101,1
DA:107,1
DA:109,2
DA:112,3
DA:124,3
DA:128,2
DA:131,0
DA:138,1
DA:140,1
DA:141,4
DA:142,0
DA:148,0
DA:150,0
DA:151,0
DA:152,0
DA:155,0
DA:157,0
DA:159,0
DA:160,0
DA:162,0
DA:165,0
DA:170,0
DA:176,0
DA:177,0
DA:182,0
DA:183,0
DA:186,0
DA:188,0
DA:190,0
DA:191,0
DA:193,0
DA:196,0
DA:201,0
DA:206,0
DA:207,0
DA:209,0
DA:212,0
DA:213,0
DA:216,0
DA:218,0
DA:220,0
DA:221,0
DA:223,0
DA:226,0
DA:231,0
DA:233,0
DA:234,0
DA:235,0
DA:239,0
DA:241,0
DA:242,0
DA:244,0
DA:247,0
DA:252,1
DA:253,2
LF:89
LH:39
end_of_record
SF:lib\config\env.dart
DA:26,1
DA:27,1
DA:31,2
DA:34,2
DA:37,0
DA:40,0
LF:6
LH:4
end_of_record
SF:lib\services\offline_queue_service.dart
DA:36,0
DA:39,0
DA:42,0
DA:43,0
DA:45,0
DA:48,0
DA:49,0
DA:53,0
DA:54,0
DA:55,0
DA:58,0
DA:59,0
DA:60,0
DA:65,0
DA:67,0
DA:68,0
DA:69,0
DA:73,0
DA:76,0
DA:79,0
DA:82,0
DA:85,0
DA:86,0
DA:87,0
DA:88,0
DA:89,0
DA:93,0
DA:94,0
DA:95,0
DA:96,0
DA:98,0
DA:100,0
DA:105,0
DA:110,0
DA:111,0
DA:114,0
DA:115,0
DA:118,0
DA:121,0
DA:123,0
DA:124,0
DA:126,0
DA:127,0
DA:132,0
DA:133,0
DA:135,0
DA:140,0
DA:145,0
DA:147,0
DA:156,0
DA:160,0
DA:162,0
DA:170,0
DA:171,0
DA:172,0
DA:176,0
DA:177,0
DA:179,0
DA:181,0
DA:183,0
DA:184,0
DA:186,0
DA:190,0
DA:191,0
DA:192,0
DA:193,0
DA:196,0
DA:197,0
DA:198,0
DA:201,0
DA:202,0
DA:207,0
DA:208,0
DA:209,0
DA:211,0
DA:212,0
DA:215,0
DA:217,0
DA:218,0
DA:219,0
DA:220,0
DA:225,0
DA:227,0
DA:228,0
DA:229,0
DA:230,0
DA:231,0
DA:232,0
DA:233,0
DA:235,0
DA:236,0
DA:237,0
DA:238,0
DA:239,0
DA:241,0
DA:242,0
DA:243,0
DA:245,0
DA:246,0
DA:247,0
DA:248,0
DA:250,0
DA:251,0
DA:252,0
DA:254,0
DA:256,0
DA:257,0
DA:258,0
DA:259,0
DA:262,0
DA:265,0
DA:270,0
DA:271,0
DA:272,0
DA:276,0
DA:277,0
DA:278,0
DA:282,0
DA:283,0
DA:284,0
DA:285,0
DA:286,0
DA:290,0
DA:291,0
LF:124
LH:0
end_of_record
SF:lib\services\tips_service.dart
DA:14,1
DA:15,2
DA:19,1
DA:20,1
DA:21,3
DA:25,1
DA:26,1
DA:27,3
DA:31,1
DA:32,1
DA:36,1
DA:37,1
DA:38,1
DA:42,1
DA:43,1
DA:44,2
DA:45,3
DA:47,1
DA:51,1
DA:52,1
DA:53,3
DA:54,1
DA:58,1
DA:59,1
DA:60,2
DA:61,2
DA:62,1
DA:63,2
DA:66,1
DA:70,1
DA:71,1
DA:72,2
DA:74,3
DA:75,4
DA:76,1
DA:80,1
DA:81,1
DA:82,1
DA:85,2
DA:86,3
DA:88,0
DA:89,0
DA:90,0
DA:97,1
DA:98,2
DA:102,1
DA:103,3
DA:104,2
DA:105,1
DA:109,1
DA:110,3
DA:111,1
DA:113,2
DA:114,1
DA:118,1
DA:119,1
DA:123,1
DA:125,1
DA:126,1
LF:59
LH:56
end_of_record
SF:lib\services\usage_stats_service.dart
DA:6,0
DA:7,0
DA:8,0
DA:9,0
DA:14,0
DA:18,0
DA:19,0
DA:22,0
DA:27,0
DA:31,0
DA:32,0
DA:33,0
DA:35,0
DA:39,0
DA:40,0
DA:41,0
DA:43,0
DA:47,0
DA:48,0
DA:50,0
DA:51,0
DA:52,0
DA:55,0
DA:57,0
DA:58,0
DA:59,0
DA:63,0
DA:64,0
DA:65,0
DA:67,0
DA:70,0
DA:72,0
DA:73,0
DA:76,0
DA:80,0
DA:81,0
DA:82,0
DA:84,0
DA:86,0
DA:87,0
DA:89,0
DA:90,0
DA:93,0
DA:94,0
DA:95,0
DA:96,0
DA:97,0
DA:99,0
DA:106,0
DA:112,0
DA:113,0
DA:115,0
DA:116,0
DA:117,0
DA:120,0
DA:122,0
DA:123,0
DA:124,0
DA:125,0
DA:126,0
DA:127,0
DA:132,0
DA:138,0
DA:140,0
DA:142,0
DA:144,0
DA:146,0
DA:148,0
DA:150,0
DA:152,0
DA:154,0
DA:158,0
DA:160,0
DA:161,0
DA:165,0
DA:166,0
DA:167,0
DA:170,0
DA:172,0
DA:174,0
DA:178,0
DA:192,0
DA:193,0
DA:194,0
DA:195,0
DA:196,0
DA:198,0
DA:207,0
DA:208,0
DA:228,0
DA:245,0
DA:248,0
DA:249,0
DA:250,0
DA:254,0
DA:255,0
DA:256,0
DA:260,0
DA:261,0
DA:262,0
DA:265,0
DA:267,0
DA:276,0
DA:281,0
DA:283,0
DA:293,0
DA:299,0
DA:301,0
DA:312,0
DA:319,0
DA:321,0
LF:111
LH:0
end_of_record
SF:lib\sync\api\sync_api_mock.dart
DA:15,3
DA:17,6
DA:18,2
DA:22,6
DA:23,3
DA:24,3
DA:27,3
DA:28,3
DA:30,6
DA:31,6
DA:33,3
DA:34,6
DA:39,6
DA:40,3
DA:42,6
DA:45,0
DA:49,3
DA:51,6
DA:52,0
DA:56,6
DA:57,3
DA:58,3
DA:61,3
DA:62,1
DA:63,6
DA:64,6
DA:66,0
DA:67,0
DA:72,6
DA:73,3
DA:75,6
DA:78,0
DA:82,3
DA:84,6
DA:85,0
DA:89,6
DA:90,3
DA:91,3
DA:93,3
DA:94,6
DA:95,6
DA:99,6
DA:100,3
DA:102,6
DA:105,0
DA:109,2
DA:111,4
DA:112,0
DA:116,4
DA:117,10
DA:118,2
DA:120,2
DA:122,4
DA:125,0
DA:129,1
DA:131,2
DA:132,0
DA:136,2
DA:137,5
DA:138,1
DA:140,1
DA:142,2
DA:145,0
DA:149,1
DA:151,2
DA:152,0
DA:156,2
DA:157,5
DA:158,1
DA:160,1
DA:162,2
DA:165,0
DA:169,2
DA:172,2
DA:177,8
DA:180,2
DA:182,2
DA:184,2
DA:186,2
DA:188,2
DA:193,3
DA:195,3
DA:196,3
DA:197,9
DA:200,2
DA:201,2
DA:202,2
DA:203,3
DA:204,3
DA:205,2
DA:206,2
DA:207,2
DA:212,3
DA:214,3
DA:215,3
DA:216,9
DA:219,2
DA:220,2
DA:221,2
DA:222,2
DA:223,2
DA:224,3
DA:225,3
DA:226,2
DA:227,2
DA:228,2
DA:229,6
DA:234,3
DA:236,3
DA:237,3
DA:238,9
DA:241,1
DA:242,3
DA:243,3
DA:244,1
DA:250,2
DA:251,2
DA:254,2
DA:255,2
DA:257,0
DA:261,3
DA:262,12
DA:266,3
DA:267,3
DA:270,2
DA:271,4
DA:275,1
DA:276,2
DA:277,2
DA:278,2
DA:279,1
DA:283,1
DA:284,1
DA:285,2
DA:286,2
DA:287,2
LF:136
LH:122
end_of_record
SF:lib\sync\change_journal.dart
DA:29,4
DA:39,2
DA:48,2
DA:49,2
DA:50,2
DA:51,2
DA:52,2
DA:53,2
DA:54,0
DA:55,2
DA:59,1
DA:62,1
DA:63,3
DA:64,3
DA:65,3
DA:66,3
DA:67,3
DA:68,3
DA:71,1
DA:73,7
DA:76,0
DA:78,0
DA:79,0
DA:102,3
DA:103,6
DA:104,9
DA:106,6
DA:107,9
DA:110,9
DA:114,3
DA:115,6
DA:119,3
DA:125,3
DA:127,0
DA:130,3
DA:131,3
DA:135,3
DA:139,6
DA:143,3
DA:144,3
DA:146,0
DA:149,6
DA:150,15
DA:154,2
DA:155,2
DA:160,2
DA:164,2
DA:165,2
DA:170,2
DA:172,6
DA:173,2
DA:178,1
DA:180,1
DA:182,0
DA:185,1
DA:186,2
DA:187,4
DA:188,1
DA:189,1
DA:193,2
DA:194,2
DA:196,0
DA:199,2
DA:200,2
DA:206,3
DA:207,1
DA:208,1
DA:209,3
DA:211,1
DA:212,3
DA:214,0
DA:215,0
DA:224,0
DA:226,0
DA:231,0
DA:232,0
DA:234,0
DA:235,0
DA:236,0
DA:240,0
DA:241,0
DA:246,3
DA:247,15
LF:83
LH:64
end_of_record
SF:lib\sync\change_journal.g.dart
DA:13,3
DA:15,3
DA:16,3
DA:17,15
DA:19,3
DA:20,3
DA:21,3
DA:22,3
DA:23,3
DA:24,3
DA:25,3
DA:26,4
DA:30,3
DA:33,3
DA:34,3
DA:35,6
DA:36,3
DA:37,6
DA:38,3
DA:39,6
DA:40,3
DA:41,6
DA:42,3
DA:43,6
DA:44,3
DA:45,6
DA:46,3
DA:47,6
DA:50,0
DA:51,0
DA:53,0
DA:56,0
DA:57,0
DA:58,0
DA:65,3
DA:67,3
DA:68,3
DA:70,3
DA:72,2
DA:79,3
DA:82,3
DA:83,3
DA:85,3
DA:86,3
DA:88,2
DA:89,2
DA:94,0
DA:95,0
DA:97,0
DA:100,0
DA:101,0
DA:102,0
LF:52
LH:40
end_of_record
SF:lib\sync\api\sync_api.dart
DA:37,3
DA:44,3
DA:48,3
DA:55,2
DA:59,2
DA:67,0
DA:69,0
DA:70,0
DA:72,0
DA:84,2
DA:91,0
DA:93,0
DA:94,0
DA:105,0
DA:112,0
DA:113,0
DA:114,0
DA:115,0
DA:116,0
DA:117,0
DA:121,0
DA:122,0
DA:123,0
DA:124,0
DA:125,0
DA:126,0
DA:138,0
DA:145,0
DA:146,0
DA:147,0
DA:148,0
DA:149,0
DA:150,0
DA:154,0
DA:155,0
DA:156,0
DA:157,0
DA:158,0
DA:159,0
DA:170,0
DA:176,0
DA:177,0
DA:178,0
DA:179,0
DA:180,0
DA:184,0
DA:185,0
DA:186,0
DA:187,0
DA:188,0
LF:50
LH:6
end_of_record
SF:lib\sync\queue_pump.dart
DA:16,2
DA:19,2
DA:20,2
DA:22,2
DA:23,2
DA:27,2
DA:28,2
DA:29,4
DA:30,2
DA:34,2
DA:35,2
DA:39,2
DA:40,2
DA:42,2
DA:43,8
DA:45,0
DA:47,0
DA:49,0
DA:50,0
DA:53,0
DA:56,0
DA:57,0
DA:63,2
DA:64,4
DA:66,2
DA:67,2
DA:70,6
DA:72,2
DA:75,2
DA:77,4
DA:78,2
DA:79,2
DA:82,2
DA:83,2
DA:85,2
DA:87,4
DA:88,6
DA:92,2
DA:93,3
DA:97,0
DA:98,0
DA:103,6
DA:105,1
DA:108,2
DA:109,4
DA:113,2
DA:115,2
DA:117,4
DA:118,10
DA:125,2
DA:128,2
DA:129,2
DA:130,2
DA:131,2
DA:132,2
DA:133,2
DA:135,0
DA:140,2
DA:144,4
DA:145,4
DA:146,4
DA:147,2
DA:149,2
DA:150,4
DA:151,2
DA:152,2
DA:158,10
DA:160,2
DA:161,4
DA:162,2
DA:163,0
DA:167,2
DA:169,0
DA:174,2
DA:178,4
DA:179,4
DA:180,2
DA:181,2
DA:183,2
DA:184,4
DA:185,2
DA:186,0
DA:192,10
DA:194,2
DA:195,0
DA:196,0
DA:197,0
DA:201,2
DA:203,0
DA:208,2
DA:212,10
DA:214,2
DA:215,4
DA:216,2
DA:217,0
DA:221,2
DA:223,0
DA:228,0
DA:230,0
DA:233,0
DA:235,0
DA:238,0
DA:239,0
DA:243,0
DA:247,4
DA:250,6
DA:253,4
DA:263,2
DA:270,2
DA:274,2
DA:281,1
DA:285,1
DA:293,1
DA:295,1
DA:296,2
DA:298,2
LF:116
LH:90
end_of_record
SF:lib\sync\sync_service.dart
DA:24,1
DA:32,3
DA:35,1
DA:36,2
DA:37,2
DA:38,3
DA:42,1
DA:43,2
DA:44,2
DA:45,2
DA:49,1
DA:50,3
DA:53,1
DA:55,1
DA:56,3
DA:58,4
DA:63,0
DA:64,0
DA:70,1
DA:71,1
DA:77,2
DA:79,1
DA:82,3
DA:87,2
DA:88,1
DA:89,1
DA:93,1
DA:94,1
DA:95,1
DA:96,1
DA:101,3
DA:102,2
DA:104,1
DA:107,1
DA:108,2
DA:111,0
DA:112,0
DA:114,0
DA:120,1
DA:122,3
DA:127,2
DA:128,1
DA:129,3
DA:134,2
DA:135,1
DA:136,3
DA:141,2
DA:142,1
DA:143,3
DA:147,1
DA:149,3
DA:150,1
DA:153,0
DA:154,0
DA:155,0
DA:161,1
DA:162,1
DA:164,0
DA:165,0
DA:169,1
DA:175,2
DA:184,1
DA:185,2
DA:189,1
DA:190,2
DA:192,1
DA:193,3
DA:194,1
DA:195,1
DA:196,1
DA:197,1
DA:198,2
DA:199,2
DA:204,1
DA:210,1
DA:211,1
DA:212,1
DA:219,0
DA:220,0
DA:226,0
DA:228,0
DA:233,1
DA:239,2
DA:240,2
DA:243,2
DA:244,1
DA:248,2
DA:249,0
DA:254,1
DA:256,0
DA:257,1
DA:259,1
DA:262,0
DA:263,0
DA:265,0
DA:266,0
DA:268,0
DA:274,0
DA:279,0
DA:283,1
DA:285,1
DA:293,1
DA:310,1
DA:317,1
DA:318,1
DA:321,1
DA:322,1
DA:325,1
DA:326,1
DA:329,1
DA:330,1
DA:350,1
DA:359,1
DA:365,1
DA:374,1
DA:379,1
DA:387,0
DA:389,0
DA:390,0
DA:392,0
DA:407,1
DA:417,0
DA:419,0
DA:420,0
DA:421,0
LF:125
LH:94
end_of_record
SF:lib\utils\image_validator.dart
DA:11,1
DA:14,1
DA:15,2
DA:17,1
DA:22,1
DA:23,1
DA:29,0
DA:40,1
DA:43,1
DA:44,1
DA:50,0
DA:57,1
DA:58,1
DA:59,2
LF:14
LH:12
end_of_record
SF:lib\widgets\error_toast.dart
DA:6,1
DA:7,2
DA:8,1
DA:9,1
DA:12,1
DA:13,1
DA:21,1
DA:27,1
DA:29,1
DA:32,0
DA:33,0
DA:41,1
DA:42,1
DA:50,1
DA:51,1
DA:59,1
DA:60,1
DA:68,1
DA:69,1
DA:77,0
DA:78,0
DA:86,1
DA:87,2
DA:88,1
DA:89,1
DA:90,1
LF:26
LH:22
end_of_record
SF:lib\widgets\permission_denied_dialog.dart
DA:11,1
DA:18,1
DA:20,1
DA:21,2
DA:22,2
DA:23,1
DA:24,1
DA:25,3
DA:26,1
DA:28,1
DA:29,0
DA:30,0
DA:31,0
DA:33,1
DA:39,0
DA:40,0
DA:44,0
DA:45,0
DA:47,0
DA:56,0
DA:57,0
DA:59,0
LF:22
LH:11
end_of_record
SF:lib\app.dart
DA:28,1
DA:30,1
DA:32,1
DA:33,1
DA:34,1
DA:35,0
DA:37,1
DA:38,0
DA:40,1
DA:41,0
DA:44,1
DA:45,0
DA:48,1
DA:49,0
DA:50,0
DA:51,0
DA:52,0
DA:56,0
DA:57,0
DA:64,1
DA:66,1
DA:67,1
DA:76,1
DA:78,1
DA:90,1
DA:92,1
DA:93,1
DA:100,1
DA:102,1
DA:103,1
DA:106,1
DA:108,1
DA:109,1
DA:110,1
DA:111,1
DA:112,1
DA:113,1
DA:117,1
DA:119,0
DA:120,0
DA:121,0
DA:122,0
DA:127,0
DA:130,1
DA:131,1
DA:134,1
DA:137,1
DA:138,1
DA:141,2
DA:142,1
DA:143,1
DA:147,3
DA:151,1
DA:154,2
DA:155,1
DA:156,1
DA:159,0
DA:163,1
DA:165,2
DA:167,2
DA:168,2
DA:170,0
DA:174,1
DA:176,1
DA:177,0
DA:179,0
DA:183,1
DA:185,1
DA:193,0
DA:197,0
DA:198,0
DA:204,1
DA:206,0
DA:207,0
DA:221,0
DA:222,0
DA:223,0
DA:227,0
DA:229,0
DA:231,0
DA:232,0
DA:233,0
DA:235,0
DA:236,0
DA:237,0
DA:238,0
DA:239,0
DA:241,0
DA:242,0
DA:243,0
DA:245,0
DA:248,0
DA:249,0
LF:93
LH:50
end_of_record
SF:lib\pages\feed_page.dart
DA:4,1
DA:6,0
DA:8,0
DA:9,0
DA:11,0
LF:5
LH:1
end_of_record
SF:lib\pages\learn_page.dart
DA:4,1
DA:6,0
DA:8,0
DA:9,0
DA:11,0
LF:5
LH:1
end_of_record
SF:lib\pages\settings_page.dart
DA:35,1
DA:37,0
DA:38,0
DA:57,0
DA:59,0
DA:60,0
DA:63,0
DA:64,0
DA:69,0
DA:70,0
DA:79,0
DA:82,0
DA:88,0
DA:89,0
DA:91,0
DA:94,0
DA:96,0
DA:101,0
DA:102,0
DA:103,0
DA:107,0
DA:109,0
DA:110,0
DA:111,0
DA:112,0
DA:121,0
DA:122,0
DA:123,0
DA:124,0
DA:131,0
DA:132,0
DA:133,0
DA:139,0
DA:141,0
DA:142,0
DA:145,0
DA:147,0
DA:148,0
DA:150,0
DA:152,0
DA:153,0
DA:154,0
DA:156,0
DA:158,0
DA:159,0
DA:161,0
DA:163,0
DA:164,0
DA:166,0
DA:171,0
DA:172,0
DA:173,0
DA:174,0
DA:176,0
DA:177,0
DA:179,0
DA:181,0
DA:184,0
DA:186,0
DA:187,0
DA:188,0
DA:189,0
DA:194,0
DA:198,0
DA:199,0
DA:200,0
DA:201,0
DA:213,0
DA:214,0
DA:216,0
DA:218,0
DA:219,0
DA:221,0
DA:226,0
DA:228,0
DA:229,0
DA:231,0
DA:232,0
DA:233,0
DA:247,0
DA:248,0
DA:250,0
DA:252,0
DA:253,0
DA:254,0
DA:256,0
DA:263,0
DA:265,0
DA:266,0
DA:268,0
DA:269,0
DA:271,0
DA:282,0
DA:284,0
DA:285,0
DA:287,0
DA:288,0
DA:291,0
DA:303,0
DA:304,0
DA:306,0
DA:308,0
DA:309,0
DA:310,0
DA:311,0
DA:316,0
DA:317,0
DA:319,0
DA:320,0
DA:324,0
DA:326,0
DA:327,0
DA:329,0
DA:330,0
DA:332,0
DA:346,0
DA:347,0
DA:349,0
DA:351,0
DA:352,0
DA:353,0
DA:354,0
DA:355,0
DA:357,0
DA:362,0
DA:372,0
DA:374,0
DA:375,0
DA:376,0
DA:383,0
DA:384,0
DA:394,0
DA:396,0
DA:397,0
DA:398,0
DA:405,0
DA:406,0
DA:420,0
DA:421,0
DA:423,0
DA:425,0
DA:426,0
DA:427,0
DA:428,0
DA:429,0
DA:431,0
DA:436,0
DA:445,0
DA:446,0
DA:447,0
DA:448,0
DA:449,0
DA:451,0
DA:452,0
DA:453,0
DA:454,0
DA:456,0
DA:458,0
DA:459,0
DA:460,0
DA:462,0
DA:465,0
DA:466,0
DA:468,0
DA:469,0
DA:471,0
DA:474,0
DA:477,0
DA:481,0
DA:483,0
DA:497,0
DA:499,0
DA:500,0
DA:502,0
DA:503,0
DA:504,0
DA:513,0
DA:515,0
DA:516,0
DA:517,0
DA:524,0
DA:525,0
DA:531,0
DA:532,0
DA:533,0
DA:534,0
DA:535,0
DA:538,0
DA:544,0
DA:545,0
DA:546,0
DA:549,0
DA:563,0
DA:564,0
DA:566,0
DA:568,0
DA:569,0
DA:570,0
DA:571,0
DA:572,0
DA:574,0
DA:579,0
DA:588,0
DA:593,0
DA:594,0
DA:595,0
DA:596,0
DA:605,0
DA:610,0
DA:611,0
DA:612,0
DA:613,0
DA:625,0
DA:630,0
DA:631,0
DA:632,0
DA:633,0
DA:648,0
DA:649,0
DA:651,0
DA:653,0
DA:654,0
DA:655,0
DA:656,0
DA:657,0
DA:659,0
DA:664,0
DA:674,0
DA:679,0
DA:680,0
DA:681,0
DA:682,0
DA:691,0
DA:696,0
DA:702,0
DA:707,0
DA:708,0
DA:709,0
DA:710,0
DA:719,0
DA:724,0
DA:725,0
DA:726,0
DA:727,0
DA:739,0
DA:740,0
DA:741,0
DA:743,0
DA:745,0
DA:746,0
DA:747,0
DA:748,0
DA:749,0
DA:751,0
DA:756,0
DA:765,0
DA:770,0
DA:772,0
DA:773,0
DA:774,0
DA:781,0
DA:782,0
DA:793,0
DA:794,0
DA:795,0
DA:796,0
DA:798,0
DA:799,0
DA:801,0
DA:804,0
DA:806,0
DA:807,0
DA:808,0
DA:809,0
DA:814,0
DA:815,0
DA:816,0
DA:817,0
DA:818,0
DA:830,0
DA:831,0
DA:832,0
DA:834,0
DA:836,0
DA:837,0
DA:838,0
DA:839,0
DA:840,0
DA:842,0
DA:847,0
DA:856,0
DA:861,0
DA:862,0
DA:863,0
DA:864,0
DA:871,0
DA:875,0
DA:884,0
DA:894,0
DA:895,0
DA:897,0
DA:899,0
DA:900,0
DA:902,0
DA:907,0
DA:908,0
DA:909,0
DA:910,0
DA:911,0
DA:912,0
DA:915,0
DA:938,0
DA:941,0
DA:942,0
DA:944,0
DA:946,0
DA:947,0
DA:949,0
DA:954,0
DA:959,0
DA:962,0
DA:967,0
DA:970,0
DA:975,0
DA:990,0
DA:991,0
DA:992,0
DA:996,0
DA:997,0
DA:998,0
DA:1003,0
DA:1005,0
DA:1006,0
DA:1007,0
DA:1008,0
DA:1009,0
DA:1010,0
DA:1018,0
DA:1019,0
DA:1020,0
DA:1021,0
DA:1030,0
DA:1031,0
DA:1032,0
DA:1033,0
DA:1039,0
DA:1040,0
DA:1041,0
DA:1048,0
DA:1051,0
DA:1053,0
DA:1057,0
DA:1061,0
DA:1062,0
DA:1063,0
DA:1064,0
DA:1075,0
DA:1080,0
DA:1081,0
DA:1084,0
DA:1085,0
DA:1086,0
DA:1091,0
DA:1093,0
DA:1094,0
DA:1095,0
DA:1096,0
DA:1097,0
DA:1098,0
DA:1106,0
DA:1107,0
DA:1108,0
DA:1109,0
DA:1118,0
DA:1119,0
DA:1120,0
DA:1121,0
DA:1127,0
DA:1128,0
DA:1129,0
DA:1136,0
DA:1137,0
DA:1138,0
DA:1140,0
DA:1148,0
DA:1151,0
DA:1152,0
DA:1169,0
DA:1170,0
DA:1171,0
DA:1174,0
DA:1175,0
DA:1176,0
DA:1189,0
DA:1190,0
DA:1191,0
DA:1194,0
DA:1196,0
DA:1201,0
DA:1202,0
DA:1203,0
DA:1207,0
DA:1208,0
DA:1209,0
DA:1212,0
DA:1213,0
DA:1215,0
DA:1216,0
DA:1222,0
DA:1223,0
DA:1224,0
DA:1225,0
DA:1226,0
DA:1227,0
DA:1228,0
DA:1238,0
DA:1239,0
DA:1240,0
DA:1241,0
DA:1247,0
DA:1248,0
DA:1249,0
DA:1256,0
DA:1257,0
DA:1258,0
DA:1259,0
DA:1261,0
DA:1262,0
DA:1265,0
DA:1266,0
DA:1271,0
DA:1276,0
DA:1281,0
DA:1288,0
DA:1289,0
DA:1290,0
DA:1299,0
DA:1300,0
DA:1302,0
DA:1303,0
DA:1311,0
DA:1313,0
DA:1315,0
DA:1323,0
DA:1324,0
DA:1325,0
DA:1326,0
DA:1328,0
DA:1330,0
DA:1331,0
DA:1334,0
DA:1335,0
DA:1336,0
DA:1337,0
DA:1338,0
DA:1346,0
DA:1349,0
DA:1350,0
DA:1351,0
DA:1352,0
DA:1353,0
DA:1363,0
DA:1364,0
DA:1365,0
DA:1374,0
DA:1377,0
DA:1378,0
DA:1380,0
DA:1391,0
DA:1392,0
DA:1394,0
DA:1395,0
DA:1399,0
DA:1400,0
DA:1401,0
DA:1403,0
DA:1404,0
DA:1405,0
DA:1406,0
DA:1409,0
DA:1410,0
DA:1411,0
DA:1421,0
DA:1422,0
DA:1423,0
DA:1426,0
DA:1427,0
DA:1428,0
DA:1437,0
DA:1438,0
DA:1439,0
DA:1440,0
DA:1441,0
DA:1450,0
DA:1451,0
DA:1452,0
DA:1454,0
DA:1455,0
DA:1456,0
DA:1457,0
DA:1459,0
DA:1460,0
DA:1461,0
DA:1463,0
DA:1464,0
DA:1466,0
DA:1475,0
DA:1477,0
DA:1478,0
DA:1479,0
DA:1480,0
DA:1482,0
DA:1484,0
DA:1485,0
DA:1486,0
DA:1487,0
DA:1489,0
DA:1490,0
DA:1492,0
DA:1494,0
DA:1501,0
DA:1503,0
DA:1505,0
DA:1514,0
DA:1516,0
DA:1517,0
DA:1520,0
DA:1521,0
DA:1530,0
DA:1531,0
DA:1536,0
DA:1538,0
DA:1542,0
DA:1544,0
DA:1549,0
DA:1553,0
DA:1557,0
DA:1563,0
DA:1564,0
DA:1565,0
DA:1572,0
DA:1573,0
DA:1574,0
DA:1575,0
DA:1582,0
DA:1583,0
DA:1584,0
DA:1591,0
DA:1593,0
DA:1596,0
DA:1597,0
DA:1599,0
DA:1604,0
DA:1606,0
DA:1610,0
DA:1611,0
DA:1612,0
DA:1613,0
DA:1620,0
DA:1621,0
DA:1622,0
DA:1623,0
DA:1630,0
DA:1632,0
DA:1633,0
DA:1634,0
DA:1635,0
DA:1644,0
DA:1650,0
DA:1651,0
DA:1652,0
DA:1655,0
DA:1658,0
DA:1663,0
DA:1664,0
DA:1666,0
DA:1667,0
DA:1668,0
DA:1669,0
DA:1670,0
DA:1671,0
DA:1676,0
DA:1677,0
DA:1678,0
DA:1679,0
DA:1687,0
DA:1689,0
DA:1690,0
DA:1693,0
DA:1694,0
DA:1697,0
DA:1698,0
DA:1699,0
DA:1700,0
DA:1701,0
DA:1707,0
DA:1708,0
DA:1709,0
DA:1710,0
DA:1719,0
DA:1720,0
DA:1721,0
DA:1722,0
DA:1728,0
DA:1731,0
DA:1734,0
DA:1737,0
DA:1739,0
DA:1745,0
DA:1746,0
DA:1747,0
DA:1756,0
DA:1757,0
DA:1758,0
DA:1759,0
DA:1761,0
DA:1762,0
LF:617
LH:1
end_of_record
SF:lib\repositories\srs_repository_impl.dart
DA:17,0
DA:20,0
DA:21,0
DA:24,0
DA:27,0
DA:29,0
DA:33,0
DA:36,0
DA:37,0
DA:41,0
DA:46,0
DA:50,0
DA:54,0
DA:56,0
DA:60,0
DA:61,0
DA:64,0
DA:65,0
DA:68,0
DA:70,0
DA:73,0
DA:76,0
DA:77,0
DA:79,0
DA:80,0
DA:81,0
DA:82,0
DA:87,0
DA:91,0
DA:94,0
DA:96,0
DA:100,0
DA:103,0
DA:105,0
DA:109,0
DA:112,0
DA:114,0
DA:118,0
DA:121,0
DA:123,0
DA:127,0
DA:130,0
DA:132,0
DA:136,0
DA:139,0
DA:141,0
DA:145,0
DA:148,0
DA:150,0
DA:154,0
DA:157,0
DA:159,0
DA:163,0
DA:166,0
DA:168,0
DA:172,0
DA:175,0
DA:177,0
DA:181,0
DA:184,0
DA:187,0
DA:189,0
DA:193,0
DA:201,0
DA:203,0
DA:206,0
DA:211,0
DA:212,0
DA:215,0
DA:216,0
DA:220,0
DA:221,0
DA:228,0
DA:229,0
DA:234,0
DA:235,0
DA:240,0
DA:243,0
DA:245,0
DA:249,0
DA:252,0
DA:254,0
DA:258,0
DA:261,0
DA:263,0
DA:267,0
DA:270,0
DA:271,0
DA:275,0
DA:276,0
DA:277,0
DA:280,0
DA:282,0
DA:283,0
DA:284,0
DA:288,0
DA:289,0
DA:290,0
DA:297,0
DA:301,0
DA:306,0
DA:308,0
DA:312,0
DA:313,0
DA:314,0
DA:316,0
DA:321,0
DA:324,0
DA:327,0
DA:328,0
DA:333,0
DA:337,0
DA:340,0
DA:341,0
DA:344,0
DA:345,0
DA:347,0
DA:352,0
DA:354,0
DA:358,0
DA:360,0
DA:361,0
DA:362,0
DA:363,0
DA:364,0
DA:372,0
DA:373,0
DA:374,0
DA:375,0
DA:379,0
DA:381,0
DA:385,0
DA:392,0
DA:393,0
DA:395,0
DA:397,0
DA:398,0
DA:401,0
DA:402,0
DA:403,0
DA:404,0
DA:407,0
DA:408,0
DA:409,0
DA:410,0
DA:411,0
DA:413,0
DA:415,0
DA:419,0
DA:429,0
DA:434,0
DA:435,0
DA:437,0
DA:438,0
DA:439,0
DA:440,0
DA:441,0
DA:442,0
DA:446,0
DA:451,0
DA:452,0
DA:453,0
DA:454,0
DA:455,0
DA:457,0
DA:462,0
DA:463,0
DA:465,0
DA:466,0
DA:469,0
DA:473,0
DA:475,0
DA:479,0
DA:492,0
DA:494,0
DA:497,0
DA:502,0
DA:503,0
DA:505,0
DA:506,0
DA:507,0
DA:508,0
DA:509,0
DA:510,0
DA:514,0
DA:518,0
DA:519,0
DA:520,0
DA:521,0
DA:522,0
DA:524,0
DA:529,0
DA:530,0
DA:532,0
DA:533,0
DA:536,0
DA:540,0
DA:542,0
DA:546,0
DA:549,0
DA:551,0
DA:555,0
DA:558,0
DA:560,0
DA:565,0
DA:566,0
DA:569,0
DA:572,0
DA:574,0
LF:209
LH:0
end_of_record
SF:lib\repositories\post_repository_impl.dart
DA:17,0
DA:19,0
DA:27,0
DA:30,0
DA:33,0
DA:34,0
DA:38,0
DA:45,0
DA:48,0
DA:49,0
DA:51,0
DA:52,0
DA:53,0
DA:62,0
DA:66,0
DA:69,0
DA:74,0
DA:77,0
DA:79,0
DA:83,0
DA:86,0
DA:88,0
DA:92,0
DA:95,0
DA:97,0
DA:101,0
DA:102,0
DA:104,0
DA:106,0
DA:110,0
DA:113,0
DA:115,0
DA:119,0
DA:121,0
DA:123,0
DA:125,0
DA:128,0
DA:130,0
DA:134,0
DA:138,0
DA:140,0
DA:144,0
DA:148,0
DA:151,0
DA:154,0
DA:158,0
DA:161,0
DA:163,0
DA:167,0
DA:170,0
DA:172,0
DA:176,0
DA:179,0
DA:181,0
DA:185,0
DA:192,0
DA:198,0
DA:202,0
DA:205,0
DA:207,0
DA:211,0
DA:214,0
DA:216,0
DA:220,0
DA:232,0
DA:237,0
DA:238,0
DA:239,0
DA:240,0
DA:241,0
DA:243,0
DA:249,0
DA:250,0
DA:256,0
DA:261,0
DA:263,0
DA:264,0
DA:268,0
DA:269,0
DA:271,0
DA:274,0
DA:276,0
DA:280,0
DA:295,0
DA:297,0
DA:300,0
DA:305,0
DA:306,0
DA:307,0
DA:308,0
DA:309,0
DA:311,0
DA:315,0
DA:319,0
DA:324,0
DA:328,0
DA:329,0
DA:331,0
DA:334,0
DA:336,0
DA:340,0
DA:343,0
DA:345,0
DA:349,0
DA:352,0
DA:354,0
DA:358,0
DA:361,0
DA:363,0
LF:109
LH:0
end_of_record
SF:lib\data\local\srs_local_data_source.dart
DA:14,1
DA:15,1
DA:16,2
DA:19,0
DA:20,0
DA:25,0
DA:26,0
DA:27,0
DA:28,0
DA:29,0
DA:32,0
DA:33,0
DA:34,0
DA:36,0
DA:40,0
DA:41,0
DA:42,0
DA:44,0
DA:50,0
DA:52,0
DA:53,0
DA:56,0
DA:61,0
DA:63,0
DA:64,0
DA:67,0
DA:72,0
DA:74,0
DA:75,0
DA:77,0
DA:82,0
DA:84,0
DA:86,0
DA:87,0
DA:89,0
DA:90,0
DA:91,0
DA:92,0
DA:95,0
DA:97,0
DA:99,0
DA:104,0
DA:106,0
DA:108,0
DA:109,0
DA:110,0
DA:112,0
DA:117,0
DA:119,0
DA:120,0
DA:122,0
DA:127,0
DA:129,0
DA:131,0
DA:132,0
DA:133,0
DA:134,0
DA:136,0
DA:137,0
DA:140,0
DA:145,0
DA:147,0
DA:148,0
DA:150,0
DA:155,0
DA:157,0
DA:159,0
DA:160,0
DA:162,0
DA:163,0
DA:164,0
DA:165,0
DA:167,0
DA:174,0
DA:176,0
DA:177,0
DA:180,0
DA:185,0
DA:187,0
DA:189,0
DA:190,0
DA:192,0
DA:193,0
DA:199,0
DA:201,0
DA:203,0
DA:205,0
DA:206,0
DA:207,0
DA:208,0
DA:209,0
DA:211,0
DA:212,0
DA:213,0
DA:215,0
DA:216,0
DA:222,0
DA:224,0
DA:225,0
DA:227,0
DA:234,0
DA:236,0
DA:238,0
DA:239,0
DA:240,0
DA:242,0
DA:243,0
DA:244,0
DA:245,0
DA:246,0
DA:248,0
DA:250,0
DA:255,0
DA:257,0
DA:259,0
DA:266,0
DA:268,0
DA:270,0
DA:272,0
DA:277,0
DA:282,0
DA:289,0
DA:290,0
DA:291,0
DA:293,0
DA:294,0
DA:299,0
DA:301,0
DA:302,0
DA:304,0
DA:309,0
DA:311,0
DA:312,0
DA:313,0
DA:315,0
DA:320,0
DA:322,0
DA:323,0
DA:325,0
DA:330,0
DA:332,0
DA:333,0
DA:334,0
DA:336,0
DA:345,0
DA:347,0
DA:348,0
LF:147
LH:3
end_of_record
SF:lib\data\local\post_local_data_source.dart
DA:10,1
DA:11,1
DA:12,2
DA:17,0
DA:20,0
DA:21,0
DA:22,0
DA:24,0
DA:34,0
DA:36,0
DA:37,0
DA:40,0
DA:50,0
DA:52,0
DA:54,0
DA:57,0
DA:61,0
DA:63,0
DA:65,0
DA:74,0
DA:76,0
DA:77,0
DA:79,0
DA:86,0
DA:88,0
DA:89,0
DA:91,0
DA:100,0
DA:102,0
DA:103,0
DA:105,0
DA:114,0
DA:116,0
DA:117,0
DA:119,0
DA:126,0
DA:128,0
DA:129,0
DA:131,0
DA:138,0
DA:140,0
DA:141,0
DA:143,0
DA:150,0
DA:152,0
DA:153,0
DA:155,0
DA:156,0
DA:168,0
DA:174,0
DA:176,0
DA:177,0
DA:180,0
DA:181,0
DA:182,0
DA:183,0
DA:186,0
DA:190,0
DA:192,0
DA:194,0
DA:201,0
DA:203,0
DA:204,0
DA:206,0
DA:215,0
DA:217,0
DA:219,0
DA:220,0
DA:221,0
DA:224,0
DA:229,0
DA:230,0
DA:231,0
DA:238,0
DA:240,0
DA:241,0
DA:243,0
DA:252,0
DA:254,0
DA:255,0
LF:80
LH:3
end_of_record
SF:lib\pages\permissions_usage_page.dart
DA:5,1
DA:7,0
DA:9,0
DA:10,0
DA:12,0
DA:14,0
DA:16,0
DA:18,0
DA:19,0
DA:24,0
DA:33,0
DA:38,0
DA:47,0
DA:52,0
DA:60,0
DA:62,0
DA:69,0
DA:76,0
DA:77,0
DA:79,0
DA:81,0
DA:82,0
DA:83,0
DA:84,0
DA:86,0
DA:87,0
DA:89,0
DA:97,0
DA:99,0
DA:100,0
DA:104,0
DA:106,0
DA:108,0
DA:117,0
DA:118,0
DA:119,0
DA:120,0
DA:122,0
DA:124,0
DA:125,0
DA:126,0
DA:127,0
DA:129,0
DA:131,0
DA:133,0
DA:164,0
DA:165,0
DA:166,0
DA:167,0
DA:169,0
DA:171,0
DA:172,0
DA:173,0
DA:174,0
DA:176,0
DA:178,0
DA:180,0
LF:57
LH:1
end_of_record
SF:lib\pages\pre_submission_check_page.dart
DA:7,1
DA:9,0
DA:10,0
DA:17,0
DA:19,0
DA:20,0
DA:23,0
DA:25,0
DA:26,0
DA:27,0
DA:28,0
DA:31,0
DA:32,0
DA:37,0
DA:39,0
DA:40,0
DA:42,0
DA:44,0
DA:46,0
DA:48,0
DA:50,0
DA:51,0
DA:53,0
DA:55,0
DA:57,0
DA:59,0
DA:61,0
DA:63,0
DA:70,0
DA:71,0
DA:72,0
DA:73,0
DA:75,0
DA:77,0
DA:78,0
DA:79,0
DA:80,0
DA:82,0
DA:84,0
DA:86,0
DA:102,0
DA:103,0
DA:104,0
DA:106,0
DA:108,0
DA:109,0
DA:111,0
DA:116,0
DA:117,0
DA:118,0
DA:119,0
DA:120,0
DA:122,0
DA:129,0
DA:130,0
DA:131,0
DA:133,0
DA:135,0
DA:136,0
DA:138,0
DA:143,0
DA:148,0
DA:153,0
DA:164,0
DA:165,0
DA:166,0
DA:168,0
DA:170,0
DA:171,0
DA:173,0
DA:178,0
DA:183,0
DA:188,0
DA:199,0
DA:200,0
DA:201,0
DA:203,0
DA:205,0
DA:206,0
DA:208,0
DA:213,0
DA:218,0
DA:223,0
DA:234,0
DA:235,0
DA:236,0
DA:238,0
DA:240,0
DA:241,0
DA:243,0
DA:248,0
DA:251,0
DA:253,0
DA:256,0
DA:258,0
DA:261,0
DA:263,0
DA:266,0
DA:268,0
DA:271,0
DA:273,0
DA:276,0
DA:278,0
DA:281,0
DA:289,0
DA:290,0
DA:291,0
DA:292,0
DA:294,0
DA:296,0
DA:297,0
DA:298,0
DA:299,0
DA:301,0
DA:303,0
DA:305,0
DA:337,0
DA:338,0
DA:340,0
DA:342,0
DA:343,0
DA:345,0
DA:346,0
DA:350,0
DA:351,0
DA:358,0
DA:359,0
DA:361,0
DA:363,0
DA:364,0
DA:370,0
DA:371,0
DA:373,0
DA:374,0
DA:376,0
DA:378,0
DA:381,0
DA:383,0
DA:385,0
DA:397,0
DA:398,0
DA:399,0
DA:402,0
DA:404,0
DA:405,0
DA:406,0
DA:409,0
DA:410,0
DA:411,0
DA:413,0
DA:414,0
DA:417,0
DA:418,0
DA:419,0
DA:422,0
DA:423,0
DA:426,0
DA:427,0
DA:430,0
DA:431,0
DA:432,0
DA:433,0
DA:434,0
LF:163
LH:1
end_of_record
SF:lib\services\backup_service.dart
DA:15,0
DA:26,0
DA:29,0
DA:30,0
DA:31,0
DA:34,0
DA:37,0
DA:38,0
DA:39,0
DA:40,0
DA:41,0
DA:43,0
DA:44,0
DA:45,0
DA:46,0
DA:51,0
DA:54,0
DA:56,0
DA:57,0
DA:60,0
DA:62,0
DA:65,0
DA:66,0
DA:68,0
DA:69,0
DA:71,0
DA:72,0
DA:73,0
DA:74,0
DA:79,0
DA:84,0
DA:87,0
DA:88,0
DA:89,0
DA:92,0
DA:93,0
DA:94,0
DA:100,0
DA:102,0
DA:106,0
DA:107,0
DA:111,0
DA:112,0
DA:113,0
DA:114,0
DA:117,0
DA:119,0
DA:121,0
DA:122,0
DA:123,0
DA:124,0
DA:125,0
DA:126,0
DA:127,0
DA:131,0
DA:136,0
DA:143,0
DA:144,0
DA:147,0
DA:149,0
DA:150,0
DA:158,0
DA:160,0
DA:161,0
DA:169,0
DA:171,0
DA:172,0
DA:179,0
DA:184,0
DA:186,0
DA:187,0
DA:188,0
DA:191,0
DA:192,0
DA:193,0
DA:198,0
DA:200,0
DA:203,0
DA:204,0
DA:207,0
DA:209,0
DA:211,0
DA:212,0
DA:213,0
DA:215,0
DA:216,0
DA:217,0
DA:218,0
DA:221,0
DA:234,0
DA:242,0
DA:247,0
DA:255,0
DA:256,0
DA:270,0
DA:288,0
DA:303,0
DA:305,0
DA:306,0
LF:99
LH:0
end_of_record
SF:lib\widgets\help_info_icon.dart
DA:8,0
DA:15,0
DA:17,0
DA:18,0
DA:19,0
DA:20,0
DA:22,0
DA:23,0
DA:24,0
DA:25,0
DA:26,0
DA:27,0
DA:28,0
DA:29,0
LF:14
LH:0
end_of_record
SF:lib\services\sync_engine.dart
DA:23,0
DA:31,0
DA:33,0
DA:34,0
DA:35,0
DA:47,0
DA:58,0
DA:59,0
DA:62,0
DA:65,0
DA:66,0
DA:67,0
DA:72,0
DA:74,0
DA:76,0
DA:77,0
DA:78,0
DA:81,0
DA:85,0
DA:86,0
DA:94,0
DA:96,0
DA:100,0
DA:102,0
DA:103,0
DA:107,0
DA:110,0
DA:113,0
DA:114,0
DA:116,0
DA:119,0
DA:120,0
DA:124,0
DA:126,0
DA:127,0
DA:130,0
DA:138,0
DA:140,0
DA:143,0
DA:145,0
DA:146,0
DA:150,0
DA:155,0
DA:156,0
DA:160,0
DA:161,0
DA:162,0
DA:165,0
DA:167,0
DA:168,0
DA:169,0
DA:170,0
DA:172,0
DA:173,0
DA:174,0
DA:178,0
DA:179,0
DA:180,0
DA:181,0
DA:187,0
DA:188,0
DA:190,0
DA:191,0
DA:194,0
DA:202,0
DA:203,0
DA:205,0
DA:217,0
DA:218,0
DA:219,0
DA:220,0
DA:222,0
DA:224,0
DA:225,0
DA:232,0
DA:233,0
DA:234,0
DA:235,0
DA:238,0
DA:240,0
DA:241,0
DA:248,0
DA:249,0
DA:253,0
DA:255,0
DA:256,0
DA:257,0
DA:259,0
DA:260,0
DA:268,0
DA:270,0
DA:271,0
DA:272,0
DA:274,0
DA:275,0
DA:283,0
DA:285,0
DA:286,0
DA:287,0
DA:289,0
DA:290,0
DA:298,0
DA:301,0
DA:302,0
DA:306,0
DA:308,0
DA:309,0
DA:319,0
DA:320,0
DA:321,0
DA:323,0
DA:324,0
DA:332,0
DA:334,0
DA:335,0
DA:337,0
DA:338,0
DA:339,0
DA:340,0
DA:342,0
DA:343,0
DA:346,0
DA:347,0
DA:352,0
DA:354,0
DA:355,0
DA:357,0
DA:358,0
DA:359,0
DA:361,0
DA:362,0
DA:365,0
DA:366,0
DA:371,0
DA:377,0
DA:378,0
DA:384,0
DA:385,0
DA:386,0
DA:388,0
DA:389,0
DA:390,0
DA:393,0
DA:394,0
DA:399,0
DA:402,0
LF:146
LH:0
end_of_record
SF:lib\pages\settings_usage_page.dart
DA:9,1
DA:11,0
DA:12,0
DA:24,0
DA:26,0
DA:27,0
DA:30,0
DA:31,0
DA:32,0
DA:36,0
DA:37,0
DA:38,0
DA:40,0
DA:41,0
DA:42,0
DA:43,0
DA:44,0
DA:47,0
DA:48,0
DA:51,0
DA:52,0
DA:53,0
DA:54,0
DA:62,0
DA:64,0
DA:65,0
DA:67,0
DA:68,0
DA:69,0
DA:70,0
DA:71,0
DA:72,0
DA:74,0
DA:77,0
DA:78,0
DA:81,0
DA:95,0
DA:97,0
DA:98,0
DA:99,0
DA:103,0
DA:104,0
DA:106,0
DA:107,0
DA:109,0
DA:110,0
DA:113,0
DA:116,0
DA:117,0
DA:118,0
DA:119,0
DA:123,0
DA:124,0
DA:125,0
DA:126,0
DA:135,0
DA:136,0
DA:138,0
DA:140,0
DA:141,0
DA:143,0
DA:145,0
DA:147,0
DA:149,0
DA:155,0
DA:156,0
DA:157,0
DA:159,0
DA:161,0
DA:162,0
DA:163,0
DA:164,0
DA:169,0
DA:170,0
DA:171,0
DA:172,0
DA:174,0
DA:181,0
DA:182,0
DA:184,0
DA:193,0
DA:194,0
DA:195,0
DA:196,0
DA:198,0
DA:205,0
DA:206,0
DA:209,0
DA:221,0
DA:228,0
DA:229,0
DA:231,0
DA:233,0
DA:234,0
DA:235,0
DA:236,0
DA:238,0
DA:239,0
DA:241,0
DA:242,0
DA:249,0
DA:251,0
DA:257,0
DA:259,0
DA:260,0
DA:269,0
DA:270,0
DA:271,0
DA:273,0
DA:274,0
DA:276,0
DA:278,0
DA:279,0
DA:280,0
DA:281,0
DA:286,0
DA:288,0
DA:292,0
DA:293,0
DA:296,0
DA:297,0
DA:298,0
DA:300,0
DA:303,0
DA:311,0
DA:312,0
DA:314,0
DA:315,0
DA:317,0
DA:318,0
DA:319,0
DA:320,0
DA:326,0
DA:327,0
DA:329,0
DA:330,0
DA:331,0
DA:332,0
DA:339,0
DA:342,0
DA:343,0
DA:344,0
DA:345,0
DA:347,0
DA:348,0
DA:349,0
DA:358,0
DA:368,0
DA:369,0
DA:370,0
DA:372,0
DA:373,0
DA:375,0
DA:377,0
DA:378,0
DA:379,0
DA:380,0
DA:385,0
DA:386,0
DA:390,0
DA:397,0
DA:399,0
DA:400,0
DA:402,0
DA:404,0
DA:405,0
DA:406,0
DA:408,0
DA:409,0
DA:410,0
DA:413,0
DA:415,0
DA:416,0
DA:417,0
DA:423,0
DA:425,0
DA:426,0
DA:427,0
DA:428,0
DA:438,0
DA:439,0
DA:441,0
DA:442,0
DA:444,0
DA:446,0
DA:447,0
DA:448,0
DA:449,0
DA:454,0
DA:455,0
DA:457,0
DA:458,0
DA:462,0
DA:464,0
DA:465,0
DA:467,0
DA:468,0
DA:480,0
DA:481,0
DA:483,0
DA:484,0
DA:485,0
DA:487,0
DA:488,0
DA:489,0
DA:491,0
DA:495,0
DA:496,0
DA:497,0
DA:499,0
DA:500,0
DA:510,0
DA:512,0
DA:514,0
DA:516,0
DA:518,0
DA:520,0
DA:522,0
DA:524,0
DA:526,0
DA:528,0
DA:530,0
DA:532,0
DA:534,0
DA:541,0
DA:542,0
DA:544,0
DA:545,0
DA:546,0
DA:547,0
DA:548,0
DA:549,0
DA:551,0
DA:552,0
DA:553,0
DA:554,0
DA:556,0
DA:557,0
DA:558,0
DA:559,0
DA:561,0
DA:564,0
DA:571,0
DA:573,0
DA:575,0
DA:576,0
DA:577,0
DA:578,0
DA:579,0
DA:585,0
DA:587,0
DA:588,0
DA:589,0
DA:590,0
LF:254
LH:1
end_of_record
